INFO  classes.DataBaseWorker: DB showed
INFO  classes.DataBaseWorker: DB showed
INFO  classes.DataBaseWorker: DB showed
INFO  classes.DataBaseWorker: DB showed
INFO  classes.DataBaseWorker: DB showed
INFO  classes.DataBaseWorker: DB showed
INFO  classes.DataBaseWorker: DB showed
INFO  classes.DataBaseWorker: DB showed
INFO  classes.DataBaseWorker: DB showed
INFO  classes.DataBaseWorker: DB showed
INFO  classes.DataBaseWorker: DB showed
INFO  classes.DataBaseWorker: found
INFO  classes.DataBaseWorker: found
INFO  classes.DataBaseWorker: found
INFO  classes.DataBaseWorker: found
INFO  classes.DataBaseWorker: found
INFO  classes.DataBaseWorker: found
INFO  classes.DataBaseWorker: DB showed
INFO  classes.DataBaseWorker: DB showed
INFO  classes.DataBaseWorker: DB showed
INFO  classes.DataBaseWorker: found
INFO  classes.DataBaseWorker: found
INFO  classes.DataBaseWorker: found
INFO  classes.DataBaseWorker: found
INFO  classes.DataBaseWorker: found
INFO  classes.DataBaseWorker: found
INFO  classes.DataBaseWorker: found
INFO  classes.DataBaseWorker: DB showed
INFO  classes.DataBaseWorker: found
INFO  classes.DataBaseWorker: found
INFO  classes.DataBaseWorker: found
INFO  classes.DataBaseWorker: DB showed
INFO  classes.DataBaseWorker: found
INFO  classes.DataBaseWorker: found
INFO  classes.DataBaseWorker: DB showed
INFO  classes.DataBaseWorker: found
INFO  classes.DataBaseWorker: found
INFO  classes.DataBaseWorker: DB showed
INFO  classes.DataBaseWorker: DB showed
INFO  classes.DataBaseWorker: found
INFO  classes.DataBaseWorker: found
INFO  classes.DataBaseWorker: DB showed
INFO  classes.DataBaseWorker: found
INFO  classes.DataBaseWorker: DB showed
INFO  classes.DataBaseWorker: DB showed
INFO  classes.DataBaseWorker: found
INFO  classes.DataBaseWorker: DB showed
INFO  classes.DataBaseWorker: DB showed
INFO  classes.DataBaseWorker: DB showed
INFO  classes.DataBaseWorker: DB showed
INFO  classes.DataBaseWorker: DB showed
INFO  classes.DataBaseWorker: DB showed
INFO  classes.DataBaseWorker: DB showed
INFO  classes.DataBaseWorker: DB showed
INFO  classes.DataBaseWorker: DB showed
INFO  classes.DataBaseWorker: DB showed
INFO  classes.DataBaseWorker: found
INFO  classes.DataBaseWorker: found
INFO  classes.DataBaseWorker: found
INFO  classes.DataBaseWorker: DB showed
INFO  classes.DataBaseWorker: found
INFO  classes.DataBaseWorker: DB showed
INFO  classes.DataBaseWorker: found
INFO  classes.DataBaseWorker: DB showed
INFO  classes.DataBaseWorker: DB showed
INFO  classes.DataBaseWorker: DB showed
INFO  classes.DataBaseWorker: DB showed
INFO  classes.DataBaseWorker: DB showed
INFO  classes.DataBaseWorker: DB showed
INFO  classes.DataBaseWorker: DB showed
INFO  classes.DataBaseWorker: DB showed
INFO  classes.DataBaseWorker: DB showed
INFO  classes.DataBaseWorker: DB showed
INFO  classes.DataBaseWorker: DB showed
INFO  classes.DataBaseWorker: DB showed
INFO  classes.DataBaseWorker: DB showed
INFO  classes.DataBaseWorker: DB showed
INFO  classes.DataBaseWorker: DB showed
INFO  classes.DataBaseWorker: DB showed
INFO  classes.DataBaseWorker: DB showed
INFO  classes.DataBaseWorker: found
INFO  classes.DataBaseWorker: DB showed
INFO  classes.DataBaseWorker: DB showed
INFO  classes.DataBaseWorker: DB showed
INFO  classes.DataBaseWorker: DB showed
INFO  classes.DataBaseWorker: DB showed
INFO  classes.DataBaseWorker: DB showed
INFO  classes.DataBaseWorker: DB showed
INFO  classes.DataBaseWorker: DB showed
INFO  classes.DataBaseWorker: DB showed
INFO  classes.DataBaseWorker: DB showed
INFO  classes.DataBaseWorker: DB showed
INFO  classes.DataBaseWorker: Deleted
INFO  classes.DataBaseWorker: DB showed
INFO  classes.DataBaseWorker: found
INFO  classes.DataBaseWorker: found
INFO  classes.DataBaseWorker: found
INFO  classes.DataBaseWorker: DB showed
INFO  classes.DataBaseWorker: DB showed
INFO  classes.DataBaseWorker: DB showed
INFO  classes.DataBaseWorker: DB showed
INFO  classes.DataBaseWorker: DB showed
INFO  classes.DataBaseWorker: DB showed
INFO  classes.DataBaseWorker: DB showed
INFO  classes.DataBaseWorker: DB showed
INFO  classes.DataBaseWorker: DB showed
INFO  classes.DataBaseWorker: DB showed
INFO  classes.DataBaseWorker: DB showed
INFO  classes.DataBaseWorker: DB showed
INFO  classes.DataBaseWorker: DB showed
INFO  classes.DataBaseWorker: DB showed
INFO  classes.DataBaseWorker: DB showed
INFO  classes.DataBaseWorker: DB showed
INFO  classes.DataBaseWorker: DB showed
INFO  classes.DataBaseWorker: DB showed
INFO  classes.DataBaseWorker: DB showed
INFO  classes.DataBaseWorker: DB showed
INFO  classes.DataBaseWorker: DB showed
INFO  classes.DataBaseWorker: DB showed
INFO  classes.DataBaseWorker: DB showed
INFO  classes.DataBaseWorker: DB showed
INFO  classes.DataBaseWorker: DB showed
INFO  classes.DataBaseWorker: DB showed
INFO  classes.DataBaseWorker: DB showed
INFO  classes.DataBaseWorker: DB showed
INFO  classes.DataBaseWorker: DB showed
INFO  classes.DataBaseWorker: DB showed
INFO  classes.DataBaseWorker: DB showed
INFO  classes.DataBaseWorker: DB showed
INFO  classes.DataBaseWorker: DB showed
INFO  classes.DataBaseWorker: DB showed
INFO  classes.DataBaseWorker: DB showed
INFO  classes.DataBaseWorker: DB showed
INFO  classes.DataBaseWorker: DB showed
INFO  classes.DataBaseWorker: DB showed
INFO  classes.DataBaseWorker: DB showed
INFO  classes.DataBaseWorker: DB showed
INFO  classes.DataBaseWorker: DB showed
INFO  classes.DataBaseWorker: DB showed
INFO  classes.DataBaseWorker: DB showed
INFO  classes.DataBaseWorker: DB showed
INFO  classes.DataBaseWorker: DB showed
INFO  classes.DataBaseWorker: DB showed
INFO  classes.DataBaseWorker: DB showed
INFO  classes.DataBaseWorker: DB showed
INFO  classes.DataBaseWorker: DB showed
INFO  classes.DataBaseWorker: DB showed
INFO  classes.DataBaseWorker: DB showed
INFO  classes.DataBaseWorker: DB showed
INFO  classes.DataBaseWorker: DB showed
INFO  classes.DataBaseWorker: DB showed
INFO  classes.DataBaseWorker: DB showed
INFO  classes.DataBaseWorker: DB showed
INFO  classes.DataBaseWorker: DB showed
INFO  classes.DataBaseWorker: DB showed
INFO  classes.DataBaseWorker: DB showed
INFO  classes.DataBaseWorker: DB showed
INFO  classes.DataBaseWorker: DB showed
INFO  classes.DataBaseWorker: DB showed
INFO  classes.DataBaseWorker: DB showed
INFO  classes.DataBaseWorker: DB showed
INFO  classes.DataBaseWorker: DB showed
INFO  classes.DataBaseWorker: DB showed
INFO  classes.DataBaseWorker: DB showed
INFO  classes.DataBaseWorker: DB showed
INFO  classes.DataBaseWorker: DB showed
INFO  classes.DataBaseWorker: DB showed
INFO  classes.DataBaseWorker: DB showed
INFO  classes.DataBaseWorker: DB showed
INFO  classes.DataBaseWorker: DB showed
INFO  classes.DataBaseWorker: DB showed
INFO  classes.DataBaseWorker: DB showed
INFO  classes.DataBaseWorker: DB showed
INFO  classes.DataBaseWorker: DB showed
INFO  classes.DataBaseWorker: DB showed
INFO  classes.DataBaseWorker: found
INFO  classes.DataBaseWorker: found
INFO  classes.DataBaseWorker: DB showed
INFO  classes.DataBaseWorker: DB showed
INFO  classes.DataBaseWorker: DB showed
INFO  classes.DataBaseWorker: DB showed
INFO  classes.DataBaseWorker: DB showed
INFO  classes.DataBaseWorker: DB showed
INFO  classes.DataBaseWorker: DB showed
INFO  classes.DataBaseWorker: found
INFO  classes.DataBaseWorker: found
INFO  classes.DataBaseWorker: found
INFO  classes.DataBaseWorker: DB showed
INFO  classes.DataBaseWorker: DB showed
INFO  classes.DataBaseWorker: DB showed
INFO  classes.DataBaseWorker: DB showed
INFO  classes.DataBaseWorker: DB showed
INFO  classes.DataBaseWorker: DB showed
INFO  classes.DataBaseWorker: DB showed
INFO  classes.DataBaseWorker: DB showed
INFO  classes.DataBaseWorker: DB showed
INFO  classes.DataBaseWorker: DB showed
INFO  classes.DataBaseWorker: DB showed
INFO  classes.DataBaseWorker: DB showed
INFO  classes.DataBaseWorker: DB showed
INFO  classes.DataBaseWorker: DB showed
INFO  classes.DataBaseWorker: DB showed
INFO  classes.DataBaseWorker: DB showed
INFO  classes.DataBaseWorker: DB showed
INFO  classes.DataBaseWorker: DB showed
INFO  classes.DataBaseWorker: DB showed
INFO  classes.DataBaseWorker: DB showed
INFO  classes.DataBaseWorker: DB showed
INFO  classes.DataBaseWorker: DB showed
INFO  classes.DataBaseWorker: DB showed
INFO  classes.DataBaseWorker: DB showed
INFO  classes.DataBaseWorker: DB showed
INFO  classes.DataBaseWorker: DB showed
INFO  classes.DataBaseWorker: DB showed
INFO  classes.DataBaseWorker: DB showed
INFO  classes.DataBaseWorker: DB showed
INFO  classes.DataBaseWorker: DB showed
INFO  classes.DataBaseWorker: DB showed
INFO  classes.DataBaseWorker: DB showed
INFO  classes.DataBaseWorker: DB showed
INFO  classes.DataBaseWorker: DB showed
INFO  classes.DataBaseWorker: DB showed
INFO  classes.DataBaseWorker: DB showed
INFO  classes.DataBaseWorker: DB showed
INFO  classes.DataBaseWorker: DB showed
INFO  classes.DataBaseWorker: DB showed
INFO  classes.DataBaseWorker: DB showed
INFO  classes.DataBaseWorker: DB showed
INFO  classes.DataBaseWorker: DB showed
INFO  classes.DataBaseWorker: DB showed
INFO  classes.DataBaseWorker: DB showed
INFO  classes.DataBaseWorker: DB showed
INFO  classes.DataBaseWorker: DB showed
INFO  classes.DataBaseWorker: DB showed
INFO  classes.DataBaseWorker: DB showed
INFO  classes.DataBaseWorker: found
INFO  classes.DataBaseWorker: DB showed
INFO  classes.DataBaseWorker: found
INFO  classes.DataBaseWorker: DB showed
INFO  classes.DataBaseWorker: DB showed
INFO  classes.DataBaseWorker: found
INFO  classes.DataBaseWorker: DB showed
INFO  classes.DataBaseWorker: DB showed
INFO  classes.DataBaseWorker: DB showed
INFO  classes.DataBaseWorker: DB showed
INFO  classes.DataBaseWorker: DB showed
INFO  classes.DataBaseWorker: DB showed
INFO  classes.DataBaseWorker: DB showed
INFO  classes.DataBaseWorker: DB showed
INFO  classes.DataBaseWorker: DB showed
INFO  classes.DataBaseWorker: DB showed
INFO  classes.DataBaseWorker: DB showed
INFO  classes.DataBaseWorker: DB showed
INFO  classes.DataBaseWorker: DB showed
INFO  classes.DataBaseWorker: DB showed
INFO  classes.DataBaseWorker: DB showed
INFO  classes.DataBaseWorker: DB showed
INFO  classes.DataBaseWorker: DB showed
INFO  classes.DataBaseWorker: DB showed
INFO  classes.DataBaseWorker: DB showed
INFO  classes.DataBaseWorker: DB showed
INFO  classes.DataBaseWorker: DB showed
INFO  classes.DataBaseWorker: DB showed
ERROR classes.DataBaseWorker: Error while deleting
INFO  classes.DataBaseWorker: Deleted
ERROR classes.DataBaseWorker: Error while deleting
INFO  classes.DataBaseWorker: Deleted
INFO  classes.DataBaseWorker: DB showed
INFO  classes.DataBaseWorker: DB showed
INFO  classes.DataBaseWorker: DB showed
ERROR classes.DataBaseWorker: Error while deleting
INFO  classes.DataBaseWorker: Deleted
ERROR classes.DataBaseWorker: Error while deleting
INFO  classes.DataBaseWorker: Deleted
INFO  classes.DataBaseWorker: DB showed
ERROR classes.DataBaseWorker: Error while deleting
INFO  classes.DataBaseWorker: Deleted
INFO  classes.DataBaseWorker: DB showed
INFO  classes.DataBaseWorker: DB showed
INFO  classes.DataBaseWorker: DB showed
ERROR classes.DataBaseWorker: Error while deleting
INFO  classes.DataBaseWorker: Deleted
INFO  classes.DataBaseWorker: DB showed
INFO  classes.DataBaseWorker: DB showed
ERROR classes.DataBaseWorker: Error while deleting
INFO  classes.DataBaseWorker: Deleted
INFO  classes.DataBaseWorker: DB showed
INFO  classes.DataBaseWorker: DB showed
INFO  classes.DataBaseWorker: Deleted
INFO  classes.DataBaseWorker: DB showed
INFO  classes.DataBaseWorker: Deleted
INFO  classes.DataBaseWorker: DB showed
INFO  classes.DataBaseWorker: DB showed
INFO  classes.DataBaseWorker: DB showed
INFO  classes.DataBaseWorker: DB showed
INFO  classes.DataBaseWorker: DB showed
INFO  classes.DataBaseWorker: DB showed
INFO  classes.DataBaseWorker: DB showed
INFO  classes.DataBaseWorker: add one elem
INFO  classes.DataBaseWorker: DB showed
INFO  classes.DataBaseWorker: add one elem
INFO  classes.DataBaseWorker: add one elem
INFO  classes.DataBaseWorker: DB showed
INFO  classes.DataBaseWorker: DB showed
INFO  classes.DataBaseWorker: DB showed
INFO  classes.DataBaseWorker: Deleted
INFO  classes.DataBaseWorker: Deleted
INFO  classes.DataBaseWorker: Deleted
INFO  classes.DataBaseWorker: DB showed
INFO  classes.DataBaseWorker: add one elem
INFO  classes.DataBaseWorker: DB showed
INFO  classes.DataBaseWorker: DB showed
INFO  classes.DataBaseWorker: add one elem
INFO  classes.DataBaseWorker: DB showed
INFO  classes.DataBaseWorker: Deleted
INFO  classes.DataBaseWorker: Deleted
INFO  classes.DataBaseWorker: DB showed
INFO  classes.DataBaseWorker: DB showed
INFO  classes.DataBaseWorker: DB showed
INFO  classes.DataBaseWorker: DB showed
INFO  classes.DataBaseWorker: add one elem
INFO  classes.DataBaseWorker: add one elem
INFO  classes.DataBaseWorker: DB showed
INFO  classes.DataBaseWorker: found some ids
INFO  classes.DataBaseWorker: DB showed
INFO  classes.DataBaseWorker: found some ids
INFO  classes.DataBaseWorker: DB showed
INFO  classes.DataBaseWorker: found some ids
INFO  classes.DataBaseWorker: found some ids
INFO  classes.DataBaseWorker: found some ids
INFO  classes.DataBaseWorker: found some ids
INFO  classes.DataBaseWorker: DB showed
INFO  classes.DataBaseWorker: DB showed
INFO  classes.DataBaseWorker: found some ids
INFO  classes.DataBaseWorker: Deleted
INFO  classes.DataBaseWorker: Deleted
INFO  classes.DataBaseWorker: DB showed
INFO  classes.DataBaseWorker: DB showed
ERROR classes.DataBaseWorker: Error while finding by ids
INFO  classes.DataBaseWorker: found some ids
INFO  classes.DataBaseWorker: DB showed
INFO  classes.DataBaseWorker: DB showed
INFO  classes.DataBaseWorker: DB showed
INFO  classes.DataBaseWorker: DB showed
INFO  classes.DataBaseWorker: found some ids
INFO  classes.DataBaseWorker: DB showed
INFO  classes.DataBaseWorker: DB showed
INFO  classes.DataBaseWorker: add one elem
INFO  classes.DataBaseWorker: add one elem
INFO  classes.DataBaseWorker: DB showed
INFO  classes.DataBaseWorker: add one elem
INFO  classes.DataBaseWorker: DB showed
INFO  classes.DataBaseWorker: add one elem
INFO  classes.DataBaseWorker: DB showed
INFO  classes.DataBaseWorker: DB showed
INFO  classes.DataBaseWorker: Deleted
INFO  classes.DataBaseWorker: DB showed
INFO  classes.DataBaseWorker: DB showed
INFO  classes.DataBaseWorker: add one elem
INFO  classes.DataBaseWorker: add one elem
INFO  classes.DataBaseWorker: add one elem
INFO  classes.DataBaseWorker: DB showed
INFO  classes.DataBaseWorker: DB showed
INFO  classes.DataBaseWorker: DB showed
INFO  classes.DataBaseWorker: DB showed
INFO  classes.DataBaseWorker: DB showed
INFO  classes.DataBaseWorker: found some ids
INFO  classes.DataBaseWorker: DB showed
INFO  classes.DataBaseWorker: found some ids
INFO  classes.DataBaseWorker: DB showed
INFO  classes.DataBaseWorker: DB showed
INFO  classes.DataBaseWorker: DB showed
INFO  classes.DataBaseWorker: DB showed
INFO  classes.DataBaseWorker: DB showed
INFO  classes.DataBaseWorker: DB showed
INFO  classes.DataBaseWorker: DB showed
INFO  classes.DataBaseWorker: DB showed
INFO  classes.DataBaseWorker: DB showed
INFO  classes.DataBaseWorker: DB showed
