INFO  classes.DataBaseWorker: DB showed
INFO  classes.DataBaseWorker: DB showed
INFO  classes.DataBaseWorker: DB showed
INFO  classes.DataBaseWorker: DB showed
INFO  classes.DataBaseWorker: DB showed
INFO  classes.DataBaseWorker: DB showed
INFO  classes.DataBaseWorker: DB showed
INFO  classes.DataBaseWorker: DB showed
INFO  classes.DataBaseWorker: DB showed
INFO  classes.DataBaseWorker: DB showed
INFO  classes.DataBaseWorker: DB showed
INFO  classes.DataBaseWorker: found
INFO  classes.DataBaseWorker: found
INFO  classes.DataBaseWorker: found
INFO  classes.DataBaseWorker: found
INFO  classes.DataBaseWorker: found
INFO  classes.DataBaseWorker: found
INFO  classes.DataBaseWorker: DB showed
INFO  classes.DataBaseWorker: DB showed
INFO  classes.DataBaseWorker: DB showed
INFO  classes.DataBaseWorker: found
INFO  classes.DataBaseWorker: found
INFO  classes.DataBaseWorker: found
INFO  classes.DataBaseWorker: found
INFO  classes.DataBaseWorker: found
INFO  classes.DataBaseWorker: found
INFO  classes.DataBaseWorker: found
INFO  classes.DataBaseWorker: DB showed
INFO  classes.DataBaseWorker: found
INFO  classes.DataBaseWorker: found
INFO  classes.DataBaseWorker: found
INFO  classes.DataBaseWorker: DB showed
INFO  classes.DataBaseWorker: found
INFO  classes.DataBaseWorker: found
INFO  classes.DataBaseWorker: DB showed
INFO  classes.DataBaseWorker: found
INFO  classes.DataBaseWorker: found
INFO  classes.DataBaseWorker: DB showed
INFO  classes.DataBaseWorker: DB showed
INFO  classes.DataBaseWorker: found
INFO  classes.DataBaseWorker: found
INFO  classes.DataBaseWorker: DB showed
INFO  classes.DataBaseWorker: found
INFO  classes.DataBaseWorker: DB showed
INFO  classes.DataBaseWorker: DB showed
INFO  classes.DataBaseWorker: found
INFO  classes.DataBaseWorker: DB showed
INFO  classes.DataBaseWorker: DB showed
INFO  classes.DataBaseWorker: DB showed
INFO  classes.DataBaseWorker: DB showed
INFO  classes.DataBaseWorker: DB showed
INFO  classes.DataBaseWorker: DB showed
INFO  classes.DataBaseWorker: DB showed
INFO  classes.DataBaseWorker: DB showed
INFO  classes.DataBaseWorker: DB showed
INFO  classes.DataBaseWorker: DB showed
INFO  classes.DataBaseWorker: found
INFO  classes.DataBaseWorker: found
INFO  classes.DataBaseWorker: found
INFO  classes.DataBaseWorker: DB showed
INFO  classes.DataBaseWorker: found
INFO  classes.DataBaseWorker: DB showed
INFO  classes.DataBaseWorker: found
INFO  classes.DataBaseWorker: DB showed
INFO  classes.DataBaseWorker: DB showed
INFO  classes.DataBaseWorker: DB showed
INFO  classes.DataBaseWorker: DB showed
INFO  classes.DataBaseWorker: DB showed
INFO  classes.DataBaseWorker: DB showed
INFO  classes.DataBaseWorker: DB showed
INFO  classes.DataBaseWorker: DB showed
INFO  classes.DataBaseWorker: DB showed
INFO  classes.DataBaseWorker: DB showed
INFO  classes.DataBaseWorker: DB showed
INFO  classes.DataBaseWorker: DB showed
INFO  classes.DataBaseWorker: DB showed
INFO  classes.DataBaseWorker: DB showed
INFO  classes.DataBaseWorker: DB showed
INFO  classes.DataBaseWorker: DB showed
INFO  classes.DataBaseWorker: DB showed
INFO  classes.DataBaseWorker: found
INFO  classes.DataBaseWorker: DB showed
INFO  classes.DataBaseWorker: DB showed
INFO  classes.DataBaseWorker: DB showed
INFO  classes.DataBaseWorker: DB showed
INFO  classes.DataBaseWorker: DB showed
INFO  classes.DataBaseWorker: DB showed
INFO  classes.DataBaseWorker: DB showed
INFO  classes.DataBaseWorker: DB showed
INFO  classes.DataBaseWorker: DB showed
INFO  classes.DataBaseWorker: DB showed
INFO  classes.DataBaseWorker: DB showed
INFO  classes.DataBaseWorker: Deleted
INFO  classes.DataBaseWorker: DB showed
INFO  classes.DataBaseWorker: found
INFO  classes.DataBaseWorker: found
INFO  classes.DataBaseWorker: found
INFO  classes.DataBaseWorker: DB showed
INFO  classes.DataBaseWorker: DB showed
INFO  classes.DataBaseWorker: DB showed
INFO  classes.DataBaseWorker: DB showed
INFO  classes.DataBaseWorker: DB showed
INFO  classes.DataBaseWorker: DB showed
INFO  classes.DataBaseWorker: DB showed
INFO  classes.DataBaseWorker: DB showed
INFO  classes.DataBaseWorker: DB showed
INFO  classes.DataBaseWorker: DB showed
INFO  classes.DataBaseWorker: DB showed
INFO  classes.DataBaseWorker: DB showed
INFO  classes.DataBaseWorker: DB showed
INFO  classes.DataBaseWorker: DB showed
INFO  classes.DataBaseWorker: DB showed
INFO  classes.DataBaseWorker: DB showed
INFO  classes.DataBaseWorker: DB showed
INFO  classes.DataBaseWorker: DB showed
INFO  classes.DataBaseWorker: DB showed
INFO  classes.DataBaseWorker: DB showed
INFO  classes.DataBaseWorker: DB showed
INFO  classes.DataBaseWorker: DB showed
INFO  classes.DataBaseWorker: DB showed
INFO  classes.DataBaseWorker: DB showed
INFO  classes.DataBaseWorker: DB showed
INFO  classes.DataBaseWorker: DB showed
INFO  classes.DataBaseWorker: DB showed
INFO  classes.DataBaseWorker: DB showed
INFO  classes.DataBaseWorker: DB showed
INFO  classes.DataBaseWorker: DB showed
INFO  classes.DataBaseWorker: DB showed
INFO  classes.DataBaseWorker: DB showed
INFO  classes.DataBaseWorker: DB showed
INFO  classes.DataBaseWorker: DB showed
INFO  classes.DataBaseWorker: DB showed
INFO  classes.DataBaseWorker: DB showed
INFO  classes.DataBaseWorker: DB showed
INFO  classes.DataBaseWorker: DB showed
INFO  classes.DataBaseWorker: DB showed
INFO  classes.DataBaseWorker: DB showed
INFO  classes.DataBaseWorker: DB showed
INFO  classes.DataBaseWorker: DB showed
INFO  classes.DataBaseWorker: DB showed
INFO  classes.DataBaseWorker: DB showed
INFO  classes.DataBaseWorker: DB showed
INFO  classes.DataBaseWorker: DB showed
INFO  classes.DataBaseWorker: DB showed
INFO  classes.DataBaseWorker: DB showed
INFO  classes.DataBaseWorker: DB showed
INFO  classes.DataBaseWorker: DB showed
INFO  classes.DataBaseWorker: DB showed
INFO  classes.DataBaseWorker: DB showed
INFO  classes.DataBaseWorker: DB showed
INFO  classes.DataBaseWorker: DB showed
INFO  classes.DataBaseWorker: DB showed
INFO  classes.DataBaseWorker: DB showed
INFO  classes.DataBaseWorker: DB showed
INFO  classes.DataBaseWorker: DB showed
INFO  classes.DataBaseWorker: DB showed
INFO  classes.DataBaseWorker: DB showed
INFO  classes.DataBaseWorker: DB showed
INFO  classes.DataBaseWorker: DB showed
INFO  classes.DataBaseWorker: DB showed
INFO  classes.DataBaseWorker: DB showed
INFO  classes.DataBaseWorker: DB showed
INFO  classes.DataBaseWorker: DB showed
INFO  classes.DataBaseWorker: DB showed
INFO  classes.DataBaseWorker: DB showed
INFO  classes.DataBaseWorker: DB showed
INFO  classes.DataBaseWorker: DB showed
INFO  classes.DataBaseWorker: DB showed
INFO  classes.DataBaseWorker: DB showed
INFO  classes.DataBaseWorker: DB showed
INFO  classes.DataBaseWorker: DB showed
INFO  classes.DataBaseWorker: DB showed
INFO  classes.DataBaseWorker: DB showed
INFO  classes.DataBaseWorker: DB showed
INFO  classes.DataBaseWorker: DB showed
INFO  classes.DataBaseWorker: found
INFO  classes.DataBaseWorker: found
INFO  classes.DataBaseWorker: DB showed
INFO  classes.DataBaseWorker: DB showed
INFO  classes.DataBaseWorker: DB showed
INFO  classes.DataBaseWorker: DB showed
INFO  classes.DataBaseWorker: DB showed
INFO  classes.DataBaseWorker: DB showed
INFO  classes.DataBaseWorker: DB showed
INFO  classes.DataBaseWorker: found
INFO  classes.DataBaseWorker: found
INFO  classes.DataBaseWorker: found
INFO  classes.DataBaseWorker: DB showed
INFO  classes.DataBaseWorker: DB showed
INFO  classes.DataBaseWorker: DB showed
INFO  classes.DataBaseWorker: DB showed
INFO  classes.DataBaseWorker: DB showed
INFO  classes.DataBaseWorker: DB showed
INFO  classes.DataBaseWorker: DB showed
INFO  classes.DataBaseWorker: DB showed
INFO  classes.DataBaseWorker: DB showed
INFO  classes.DataBaseWorker: DB showed
INFO  classes.DataBaseWorker: DB showed
INFO  classes.DataBaseWorker: DB showed
INFO  classes.DataBaseWorker: DB showed
INFO  classes.DataBaseWorker: DB showed
INFO  classes.DataBaseWorker: DB showed
INFO  classes.DataBaseWorker: DB showed
INFO  classes.DataBaseWorker: DB showed
INFO  classes.DataBaseWorker: DB showed
INFO  classes.DataBaseWorker: DB showed
INFO  classes.DataBaseWorker: DB showed
INFO  classes.DataBaseWorker: DB showed
INFO  classes.DataBaseWorker: DB showed
INFO  classes.DataBaseWorker: DB showed
INFO  classes.DataBaseWorker: DB showed
INFO  classes.DataBaseWorker: DB showed
INFO  classes.DataBaseWorker: DB showed
INFO  classes.DataBaseWorker: DB showed
INFO  classes.DataBaseWorker: DB showed
INFO  classes.DataBaseWorker: DB showed
INFO  classes.DataBaseWorker: DB showed
INFO  classes.DataBaseWorker: DB showed
INFO  classes.DataBaseWorker: DB showed
INFO  classes.DataBaseWorker: DB showed
INFO  classes.DataBaseWorker: DB showed
INFO  classes.DataBaseWorker: DB showed
INFO  classes.DataBaseWorker: DB showed
INFO  classes.DataBaseWorker: DB showed
INFO  classes.DataBaseWorker: DB showed
INFO  classes.DataBaseWorker: DB showed
INFO  classes.DataBaseWorker: DB showed
INFO  classes.DataBaseWorker: DB showed
INFO  classes.DataBaseWorker: DB showed
INFO  classes.DataBaseWorker: DB showed
INFO  classes.DataBaseWorker: DB showed
INFO  classes.DataBaseWorker: DB showed
INFO  classes.DataBaseWorker: DB showed
INFO  classes.DataBaseWorker: DB showed
INFO  classes.DataBaseWorker: DB showed
INFO  classes.DataBaseWorker: found
INFO  classes.DataBaseWorker: DB showed
INFO  classes.DataBaseWorker: found
INFO  classes.DataBaseWorker: DB showed
INFO  classes.DataBaseWorker: DB showed
INFO  classes.DataBaseWorker: found
INFO  classes.DataBaseWorker: DB showed
INFO  classes.DataBaseWorker: DB showed
INFO  classes.DataBaseWorker: DB showed
INFO  classes.DataBaseWorker: DB showed
INFO  classes.DataBaseWorker: DB showed
INFO  classes.DataBaseWorker: DB showed
INFO  classes.DataBaseWorker: DB showed
INFO  classes.DataBaseWorker: DB showed
INFO  classes.DataBaseWorker: DB showed
INFO  classes.DataBaseWorker: DB showed
INFO  classes.DataBaseWorker: DB showed
INFO  classes.DataBaseWorker: DB showed
INFO  classes.DataBaseWorker: DB showed
INFO  classes.DataBaseWorker: DB showed
INFO  classes.DataBaseWorker: DB showed
INFO  classes.DataBaseWorker: DB showed
INFO  classes.DataBaseWorker: DB showed
INFO  classes.DataBaseWorker: DB showed
INFO  classes.DataBaseWorker: DB showed
INFO  classes.DataBaseWorker: DB showed
INFO  classes.DataBaseWorker: DB showed
INFO  classes.DataBaseWorker: DB showed
ERROR classes.DataBaseWorker: Error while deleting
INFO  classes.DataBaseWorker: Deleted
ERROR classes.DataBaseWorker: Error while deleting
INFO  classes.DataBaseWorker: Deleted
INFO  classes.DataBaseWorker: DB showed
INFO  classes.DataBaseWorker: DB showed
INFO  classes.DataBaseWorker: DB showed
ERROR classes.DataBaseWorker: Error while deleting
INFO  classes.DataBaseWorker: Deleted
ERROR classes.DataBaseWorker: Error while deleting
INFO  classes.DataBaseWorker: Deleted
INFO  classes.DataBaseWorker: DB showed
ERROR classes.DataBaseWorker: Error while deleting
INFO  classes.DataBaseWorker: Deleted
INFO  classes.DataBaseWorker: DB showed
INFO  classes.DataBaseWorker: DB showed
INFO  classes.DataBaseWorker: DB showed
ERROR classes.DataBaseWorker: Error while deleting
INFO  classes.DataBaseWorker: Deleted
INFO  classes.DataBaseWorker: DB showed
INFO  classes.DataBaseWorker: DB showed
ERROR classes.DataBaseWorker: Error while deleting
INFO  classes.DataBaseWorker: Deleted
INFO  classes.DataBaseWorker: DB showed
INFO  classes.DataBaseWorker: DB showed
INFO  classes.DataBaseWorker: Deleted
INFO  classes.DataBaseWorker: DB showed
INFO  classes.DataBaseWorker: Deleted
INFO  classes.DataBaseWorker: DB showed
INFO  classes.DataBaseWorker: DB showed
INFO  classes.DataBaseWorker: DB showed
INFO  classes.DataBaseWorker: DB showed
INFO  classes.DataBaseWorker: DB showed
INFO  classes.DataBaseWorker: DB showed
INFO  classes.DataBaseWorker: DB showed
INFO  classes.DataBaseWorker: add one elem
INFO  classes.DataBaseWorker: DB showed
INFO  classes.DataBaseWorker: add one elem
INFO  classes.DataBaseWorker: add one elem
INFO  classes.DataBaseWorker: DB showed
INFO  classes.DataBaseWorker: DB showed
INFO  classes.DataBaseWorker: DB showed
INFO  classes.DataBaseWorker: Deleted
INFO  classes.DataBaseWorker: Deleted
INFO  classes.DataBaseWorker: Deleted
INFO  classes.DataBaseWorker: DB showed
INFO  classes.DataBaseWorker: add one elem
INFO  classes.DataBaseWorker: DB showed
INFO  classes.DataBaseWorker: DB showed
INFO  classes.DataBaseWorker: add one elem
INFO  classes.DataBaseWorker: DB showed
INFO  classes.DataBaseWorker: Deleted
INFO  classes.DataBaseWorker: Deleted
INFO  classes.DataBaseWorker: DB showed
INFO  classes.DataBaseWorker: DB showed
INFO  classes.DataBaseWorker: DB showed
INFO  classes.DataBaseWorker: DB showed
INFO  classes.DataBaseWorker: add one elem
INFO  classes.DataBaseWorker: add one elem
INFO  classes.DataBaseWorker: DB showed
INFO  classes.DataBaseWorker: found some ids
INFO  classes.DataBaseWorker: DB showed
INFO  classes.DataBaseWorker: found some ids
INFO  classes.DataBaseWorker: DB showed
INFO  classes.DataBaseWorker: found some ids
INFO  classes.DataBaseWorker: found some ids
INFO  classes.DataBaseWorker: found some ids
INFO  classes.DataBaseWorker: found some ids
INFO  classes.DataBaseWorker: DB showed
INFO  classes.DataBaseWorker: DB showed
INFO  classes.DataBaseWorker: found some ids
INFO  classes.DataBaseWorker: Deleted
INFO  classes.DataBaseWorker: Deleted
INFO  classes.DataBaseWorker: DB showed
INFO  classes.DataBaseWorker: DB showed
ERROR classes.DataBaseWorker: Error while finding by ids
INFO  classes.DataBaseWorker: found some ids
INFO  classes.DataBaseWorker: DB showed
INFO  classes.DataBaseWorker: DB showed
INFO  classes.DataBaseWorker: DB showed
INFO  classes.DataBaseWorker: DB showed
INFO  classes.DataBaseWorker: found some ids
INFO  classes.DataBaseWorker: DB showed
INFO  classes.DataBaseWorker: DB showed
INFO  classes.DataBaseWorker: add one elem
INFO  classes.DataBaseWorker: add one elem
INFO  classes.DataBaseWorker: DB showed
INFO  classes.DataBaseWorker: add one elem
INFO  classes.DataBaseWorker: DB showed
INFO  classes.DataBaseWorker: add one elem
INFO  classes.DataBaseWorker: DB showed
INFO  classes.DataBaseWorker: DB showed
INFO  classes.DataBaseWorker: Deleted
INFO  classes.DataBaseWorker: DB showed
INFO  classes.DataBaseWorker: DB showed
INFO  classes.DataBaseWorker: add one elem
INFO  classes.DataBaseWorker: add one elem
INFO  classes.DataBaseWorker: add one elem
INFO  classes.DataBaseWorker: DB showed
INFO  classes.DataBaseWorker: DB showed
INFO  classes.DataBaseWorker: DB showed
INFO  classes.DataBaseWorker: DB showed
INFO  classes.DataBaseWorker: DB showed
INFO  classes.DataBaseWorker: found some ids
INFO  classes.DataBaseWorker: DB showed
INFO  classes.DataBaseWorker: found some ids
INFO  classes.DataBaseWorker: DB showed
INFO  classes.DataBaseWorker: DB showed
INFO  classes.DataBaseWorker: DB showed
INFO  classes.DataBaseWorker: DB showed
INFO  classes.DataBaseWorker: DB showed
INFO  classes.DataBaseWorker: DB showed
INFO  classes.DataBaseWorker: DB showed
INFO  classes.DataBaseWorker: DB showed
INFO  classes.DataBaseWorker: DB showed
INFO  classes.DataBaseWorker: DB showed
INFO  classes.DataBaseWorker: DB showed
INFO  classes.DataBaseWorker: DB showed
INFO  classes.DataBaseWorker: DB showed
INFO  classes.DataBaseWorker: found some ids
INFO  classes.DataBaseWorker: found some ids
INFO  classes.DataBaseWorker: found some ids
INFO  classes.DataBaseWorker: DB showed
INFO  classes.DataBaseWorker: found some ids
INFO  classes.DataBaseWorker: DB showed
INFO  classes.DataBaseWorker: DB showed
INFO  classes.DataBaseWorker: DB showed
INFO  classes.DataBaseWorker: DB showed
INFO  classes.DataBaseWorker: Deleted
INFO  classes.DataBaseWorker: DB showed
INFO  classes.DataBaseWorker: add one elem
INFO  classes.DataBaseWorker: add one elem
INFO  classes.DataBaseWorker: DB showed
INFO  classes.DataBaseWorker: DB showed
INFO  classes.DataBaseWorker: DB showed
INFO  classes.DataBaseWorker: DB showed
INFO  classes.DataBaseWorker: DB showed
INFO  classes.DataBaseWorker: found some ids
INFO  classes.DataBaseWorker: DB showed
INFO  classes.DataBaseWorker: found some ids
INFO  classes.DataBaseWorker: found some ids
INFO  classes.DataBaseWorker: DB showed
INFO  classes.DataBaseWorker: DB showed
INFO  classes.DataBaseWorker: DB showed
INFO  classes.DataBaseWorker: DB showed
INFO  classes.DataBaseWorker: DB showed
INFO  classes.DataBaseWorker: DB showed
INFO  classes.DataBaseWorker: DB showed
INFO  classes.DataBaseWorker: DB showed
INFO  classes.DataBaseWorker: DB showed
INFO  classes.DataBaseWorker: DB showed
INFO  classes.DataBaseWorker: DB showed
INFO  classes.DataBaseWorker: found some ids
ERROR classes.DataBaseWorker: Error while updating
INFO  classes.DataBaseWorker: Updated
INFO  classes.DataBaseWorker: DB showed
INFO  classes.DataBaseWorker: found some ids
ERROR classes.DataBaseWorker: Error while updating
INFO  classes.DataBaseWorker: Updated
INFO  classes.DataBaseWorker: DB showed
INFO  classes.DataBaseWorker: DB showed
INFO  classes.DataBaseWorker: found some ids
INFO  classes.DataBaseWorker: Updated
INFO  classes.DataBaseWorker: DB showed
INFO  classes.DataBaseWorker: DB showed
INFO  classes.DataBaseWorker: found some ids
INFO  classes.DataBaseWorker: Updated
INFO  classes.DataBaseWorker: Updated
INFO  classes.DataBaseWorker: DB showed
INFO  classes.DataBaseWorker: found some ids
INFO  classes.DataBaseWorker: Updated
INFO  classes.DataBaseWorker: Updated
INFO  classes.DataBaseWorker: DB showed
INFO  classes.DataBaseWorker: Deleted
INFO  classes.DataBaseWorker: Deleted
INFO  classes.DataBaseWorker: DB showed
INFO  classes.DataBaseWorker: DB showed
INFO  classes.DataBaseWorker: DB showed
INFO  classes.DataBaseWorker: found some ids
INFO  classes.DataBaseWorker: Updated
INFO  classes.DataBaseWorker: Updated
INFO  classes.DataBaseWorker: Updated
INFO  classes.DataBaseWorker: Updated
INFO  classes.DataBaseWorker: Updated
INFO  classes.DataBaseWorker: DB showed
INFO  classes.DataBaseWorker: found some ids
INFO  classes.DataBaseWorker: Updated
INFO  classes.DataBaseWorker: DB showed
INFO  classes.DataBaseWorker: DB showed
INFO  classes.DataBaseWorker: DB showed
INFO  classes.DataBaseWorker: add one elem
INFO  classes.DataBaseWorker: DB showed
INFO  classes.DataBaseWorker: found
INFO  classes.DataBaseWorker: found
INFO  classes.DataBaseWorker: found
INFO  classes.DataBaseWorker: DB showed
INFO  classes.DataBaseWorker: Deleted
INFO  classes.DataBaseWorker: DB showed
INFO  classes.DataBaseWorker: Deleted
INFO  classes.DataBaseWorker: Deleted
INFO  classes.DataBaseWorker: Deleted
INFO  classes.DataBaseWorker: DB showed
INFO  classes.DataBaseWorker: add one elem
INFO  classes.DataBaseWorker: DB showed
INFO  classes.DataBaseWorker: found some ids =(19,17,18)
INFO  classes.DataBaseWorker: DB showed
INFO  classes.DataBaseWorker: DB showed
INFO  classes.DataBaseWorker: add one elem
INFO  classes.DataBaseWorker: DB showed
INFO  classes.DataBaseWorker: Deleted
INFO  classes.DataBaseWorker: Deleted
INFO  classes.DataBaseWorker: Deleted
INFO  classes.DataBaseWorker: Deleted
INFO  classes.DataBaseWorker: DB showed
INFO  classes.DataBaseWorker: add one elem
INFO  classes.DataBaseWorker: add one elem
INFO  classes.DataBaseWorker: add one elem
INFO  classes.DataBaseWorker: add one elem
INFO  classes.DataBaseWorker: DB showed
INFO  classes.DataBaseWorker: found some ids =(11)
INFO  classes.DataBaseWorker: Updated
INFO  classes.DataBaseWorker: DB showed
INFO  classes.DataBaseWorker: add one elem
INFO  classes.DataBaseWorker: DB showed
INFO  classes.DataBaseWorker: found some ids =(11,12,13,14,15)
INFO  classes.DataBaseWorker: Updated
INFO  classes.DataBaseWorker: Updated
INFO  classes.DataBaseWorker: Updated
INFO  classes.DataBaseWorker: Updated
INFO  classes.DataBaseWorker: Updated
INFO  classes.DataBaseWorker: DB showed
INFO  classes.DataBaseWorker: DB showed
INFO  classes.DataBaseWorker: add one elem
INFO  classes.DataBaseWorker: DB showed
INFO  classes.DataBaseWorker: found some ids =(16)
INFO  classes.DataBaseWorker: Updated
INFO  classes.DataBaseWorker: DB showed
INFO  classes.DataBaseWorker: Deleted
INFO  classes.DataBaseWorker: Deleted
INFO  classes.DataBaseWorker: DB showed
INFO  classes.DataBaseWorker: add one elem
INFO  classes.DataBaseWorker: DB showed
INFO  classes.DataBaseWorker: DB showed
INFO  classes.DataBaseWorker: found some ids =(13)
INFO  classes.DataBaseWorker: DB showed
INFO  classes.DataBaseWorker: DB showed
INFO  classes.DataBaseWorker: DB showed
INFO  classes.DataBaseWorker: Deleted
INFO  classes.DataBaseWorker: DB showed
INFO  classes.DataBaseWorker: Deleted
INFO  classes.DataBaseWorker: DB showed
INFO  classes.DataBaseWorker: add one elem
INFO  classes.DataBaseWorker: add one elem
INFO  classes.DataBaseWorker: add one elem
INFO  classes.DataBaseWorker: DB showed
INFO  classes.DataBaseWorker: Deleted elements (11,12,13)
INFO  classes.DataBaseWorker: DB showed
INFO  classes.DataBaseWorker: DB showed
INFO  classes.DataBaseWorker: DB showed
INFO  classes.DataBaseWorker: add one elem id=11
INFO  classes.DataBaseWorker: DB showed
INFO  classes.DataBaseWorker: DB showed
INFO  classes.DataBaseWorker: DB showed
INFO  classes.DataBaseWorker: DB showed
INFO  classes.DataBaseWorker: DB showed
INFO  classes.DataBaseWorker: DB showed
INFO  classes.DataBaseWorker: DB showed
INFO  classes.DataBaseWorker: DB showed
INFO  classes.DataBaseWorker: DB showed
INFO  classes.DataBaseWorker: DB showed
INFO  classes.DataBaseWorker: DB showed
INFO  classes.DataBaseWorker: DB showed
INFO  classes.DataBaseWorker: found
INFO  classes.DataBaseWorker: DB showed
INFO  classes.DataBaseWorker: DB showed
INFO  classes.DataBaseWorker: DB showed
INFO  classes.DataBaseWorker: found some ids =(11)
INFO  classes.DataBaseWorker: DB showed
INFO  classes.DataBaseWorker: DB showed
INFO  classes.DataBaseWorker: DB showed
INFO  classes.DataBaseWorker: add one elem id=12
INFO  classes.DataBaseWorker: DB showed
INFO  classes.DataBaseWorker: DB showed
INFO  classes.DataBaseWorker: DB showed
INFO  classes.DataBaseWorker: DB showed
INFO  classes.DataBaseWorker: Deleted elements (11,12)
INFO  classes.DataBaseWorker: DB showed
INFO  classes.DataBaseWorker: add one elem id=11
INFO  classes.DataBaseWorker: DB showed
INFO  classes.DataBaseWorker: DB showed
INFO  classes.DataBaseWorker: DB showed
INFO  classes.DataBaseWorker: DB showed
INFO  classes.DataBaseWorker: found some ids =(10,11)
INFO  classes.DataBaseWorker: DB showed
INFO  classes.DataBaseWorker: DB showed
INFO  classes.DataBaseWorker: found some ids =(1)
INFO  classes.DataBaseWorker: found
INFO  classes.DataBaseWorker: DB showed
INFO  classes.DataBaseWorker: DB showed
INFO  classes.DataBaseWorker: DB showed
INFO  classes.DataBaseWorker: add one elem id=12
INFO  classes.DataBaseWorker: DB showed
INFO  classes.DataBaseWorker: DB showed
INFO  classes.DataBaseWorker: DB showed
INFO  classes.DataBaseWorker: DB showed
INFO  classes.DataBaseWorker: DB showed
INFO  classes.DataBaseWorker: DB showed
INFO  classes.DataBaseWorker: DB showed
INFO  classes.DataBaseWorker: DB showed
INFO  classes.DataBaseWorker: DB showed
INFO  classes.DataBaseWorker: DB showed
INFO  classes.DataBaseWorker: add one elem
INFO  classes.DataBaseWorker: DB showed
INFO  classes.DataBaseWorker: DB showed
INFO  classes.DataBaseWorker: add one elem
INFO  classes.DataBaseWorker: DB showed
INFO  classes.DataBaseWorker: DB showed
INFO  classes.DataBaseWorker: add one elem
INFO  classes.DataBaseWorker: add one elem
INFO  classes.DataBaseWorker: DB showed
INFO  classes.DataBaseWorker: DB showed
INFO  classes.DataBaseWorker: add one elem
INFO  classes.DataBaseWorker: DB showed
INFO  classes.DataBaseWorker: DB showed
INFO  classes.DataBaseWorker: DB showed
INFO  classes.DataBaseWorker: DB showed
INFO  classes.DataBaseWorker: DB showed
INFO  classes.DataBaseWorker: DB showed
INFO  classes.DataBaseWorker: DB showed
INFO  classes.DataBaseWorker: Deleted elements 
INFO  classes.DataBaseWorker: DB showed
INFO  classes.DataBaseWorker: DB showed
INFO  classes.DataBaseWorker: Deleted elements 
INFO  classes.DataBaseWorker: DB showed
INFO  classes.DataBaseWorker: DB showed
INFO  classes.DataBaseWorker: DB showed
INFO  classes.DataBaseWorker: found
INFO  classes.DataBaseWorker: found
INFO  classes.DataBaseWorker: DB showed
INFO  classes.DataBaseWorker: DB showed
INFO  classes.DataBaseWorker: DB showed
INFO  classes.DataBaseWorker: add one elem
INFO  classes.DataBaseWorker: DB showed
INFO  classes.DataBaseWorker: add one elem
INFO  classes.DataBaseWorker: DB showed
INFO  classes.DataBaseWorker: add one elem
INFO  classes.DataBaseWorker: DB showed
INFO  classes.DataBaseWorker: found
INFO  classes.DataBaseWorker: found
INFO  classes.DataBaseWorker: found
INFO  classes.DataBaseWorker: DB showed
INFO  classes.DataBaseWorker: found
INFO  classes.DataBaseWorker: found
INFO  classes.DataBaseWorker: found
INFO  classes.DataBaseWorker: found
INFO  classes.DataBaseWorker: found
INFO  classes.DataBaseWorker: found
INFO  classes.DataBaseWorker: found
INFO  classes.DataBaseWorker: found
INFO  classes.DataBaseWorker: found
INFO  classes.DataBaseWorker: found
INFO  classes.DataBaseWorker: found
INFO  classes.DataBaseWorker: found
INFO  classes.DataBaseWorker: DB showed
INFO  classes.DataBaseWorker: found
INFO  classes.DataBaseWorker: found
INFO  classes.DataBaseWorker: found
INFO  classes.DataBaseWorker: found
INFO  classes.DataBaseWorker: DB showed
INFO  classes.DataBaseWorker: Deleted elements 
INFO  classes.DataBaseWorker: DB showed
INFO  classes.DataBaseWorker: DB showed
INFO  classes.DataBaseWorker: DB showed
INFO  classes.DataBaseWorker: found
INFO  classes.DataBaseWorker: found
INFO  classes.DataBaseWorker: found
INFO  classes.DataBaseWorker: found
INFO  classes.DataBaseWorker: found
INFO  classes.DataBaseWorker: DB showed
INFO  classes.DataBaseWorker: DB showed
INFO  classes.DataBaseWorker: found
INFO  classes.DataBaseWorker: found
INFO  classes.DataBaseWorker: DB showed
INFO  classes.DataBaseWorker: add one elem
INFO  classes.DataBaseWorker: DB showed
INFO  classes.DataBaseWorker: DB showed
INFO  classes.DataBaseWorker: DB showed
INFO  classes.DataBaseWorker: DB showed
INFO  classes.DataBaseWorker: found
INFO  classes.DataBaseWorker: found
INFO  classes.DataBaseWorker: found
INFO  classes.DataBaseWorker: DB showed
INFO  classes.DataBaseWorker: found
INFO  classes.DataBaseWorker: found
INFO  classes.DataBaseWorker: found
INFO  classes.DataBaseWorker: found
INFO  classes.DataBaseWorker: found
INFO  classes.DataBaseWorker: found
INFO  classes.DataBaseWorker: DB showed
INFO  classes.DataBaseWorker: DB showed
INFO  classes.DataBaseWorker: DB showed
INFO  classes.DataBaseWorker: DB showed
INFO  classes.DataBaseWorker: DB showed
INFO  classes.DataBaseWorker: DB showed
INFO  classes.DataBaseWorker: DB showed
INFO  classes.DataBaseWorker: DB showed
INFO  classes.DataBaseWorker: DB showed
INFO  classes.DataBaseWorker: DB showed
INFO  classes.DataBaseWorker: DB showed
INFO  classes.DataBaseWorker: DB showed
INFO  classes.DataBaseWorker: DB showed
INFO  classes.DataBaseWorker: DB showed
INFO  classes.DataBaseWorker: DB showed
INFO  classes.DataBaseWorker: DB showed
INFO  classes.DataBaseWorker: DB showed
INFO  classes.DataBaseWorker: DB showed
INFO  classes.DataBaseWorker: DB showed
INFO  classes.DataBaseWorker: DB showed
INFO  classes.DataBaseWorker: DB showed
INFO  classes.DataBaseWorker: DB showed
INFO  classes.DataBaseWorker: DB showed
INFO  classes.DataBaseWorker: DB showed
INFO  classes.DataBaseWorker: DB showed
INFO  classes.DataBaseWorker: DB showed
INFO  classes.DataBaseWorker: DB showed
INFO  classes.DataBaseWorker: DB showed
INFO  classes.DataBaseWorker: DB showed
INFO  classes.DataBaseWorker: DB showed
INFO  classes.DataBaseWorker: DB showed
INFO  classes.DataBaseWorker: DB showed
INFO  classes.DataBaseWorker: DB showed
INFO  classes.DataBaseWorker: DB showed
INFO  classes.DataBaseWorker: DB showed
INFO  classes.DataBaseWorker: DB showed
INFO  classes.DataBaseWorker: DB showed
INFO  classes.DataBaseWorker: DB showed
INFO  classes.DataBaseWorker: DB showed
INFO  classes.DataBaseWorker: DB showed
INFO  classes.DataBaseWorker: DB showed
INFO  classes.DataBaseWorker: DB showed
INFO  classes.DataBaseWorker: DB showed
INFO  classes.DataBaseWorker: DB showed
INFO  classes.DataBaseWorker: DB showed
INFO  classes.DataBaseWorker: DB showed
INFO  classes.DataBaseWorker: DB showed
INFO  classes.DataBaseWorker: DB showed
INFO  classes.DataBaseWorker: DB showed
INFO  classes.DataBaseWorker: DB showed
INFO  classes.DataBaseWorker: DB showed
INFO  classes.DataBaseWorker: DB showed
INFO  classes.DataBaseWorker: DB showed
INFO  classes.DataBaseWorker: DB showed
INFO  classes.DataBaseWorker: DB showed
INFO  classes.DataBaseWorker: DB showed
INFO  classes.DataBaseWorker: DB showed
INFO  classes.DataBaseWorker: DB showed
INFO  classes.DataBaseWorker: DB showed
INFO  classes.DataBaseWorker: DB showed
INFO  classes.DataBaseWorker: DB showed
INFO  classes.DataBaseWorker: DB showed
INFO  classes.DataBaseWorker: DB showed
INFO  classes.DataBaseWorker: DB showed
INFO  classes.DataBaseWorker: DB showed
INFO  classes.DataBaseWorker: DB showed
INFO  classes.DataBaseWorker: DB showed
INFO  classes.DataBaseWorker: DB showed
INFO  classes.DataBaseWorker: DB showed
INFO  classes.DataBaseWorker: DB showed
INFO  classes.DataBaseWorker: DB showed
INFO  classes.DataBaseWorker: DB showed
INFO  classes.DataBaseWorker: DB showed
INFO  classes.DataBaseWorker: DB showed
INFO  classes.DataBaseWorker: DB showed
INFO  classes.DataBaseWorker: DB showed
INFO  classes.DataBaseWorker: DB showed
INFO  classes.DataBaseWorker: DB showed
INFO  classes.DataBaseWorker: DB showed
INFO  classes.DataBaseWorker: DB showed
INFO  classes.DataBaseWorker: DB showed
INFO  classes.DataBaseWorker: DB showed
INFO  classes.DataBaseWorker: DB showed
INFO  classes.DataBaseWorker: DB showed
INFO  classes.DataBaseWorker: DB showed
INFO  classes.DataBaseWorker: DB showed
INFO  classes.DataBaseWorker: DB showed
INFO  classes.DataBaseWorker: DB showed
INFO  classes.DataBaseWorker: DB showed
INFO  classes.DataBaseWorker: DB showed
INFO  classes.DataBaseWorker: DB showed
INFO  classes.DataBaseWorker: DB showed
INFO  classes.DataBaseWorker: DB showed
INFO  classes.DataBaseWorker: DB showed
INFO  classes.DataBaseWorker: DB showed
INFO  classes.DataBaseWorker: DB showed
INFO  classes.DataBaseWorker: DB showed
INFO  classes.DataBaseWorker: DB showed
INFO  classes.DataBaseWorker: DB showed
INFO  classes.DataBaseWorker: DB showed
INFO  classes.DataBaseWorker: DB showed
INFO  classes.DataBaseWorker: DB showed
INFO  classes.DataBaseWorker: DB showed
INFO  classes.DataBaseWorker: DB showed
INFO  classes.DataBaseWorker: DB showed
INFO  classes.DataBaseWorker: DB showed
INFO  classes.DataBaseWorker: DB showed
INFO  classes.DataBaseWorker: DB showed
INFO  classes.DataBaseWorker: DB showed
INFO  classes.DataBaseWorker: DB showed
INFO  classes.DataBaseWorker: DB showed
INFO  classes.DataBaseWorker: DB showed
INFO  classes.DataBaseWorker: DB showed
INFO  classes.DataBaseWorker: DB showed
INFO  classes.DataBaseWorker: DB showed
INFO  classes.DataBaseWorker: DB showed
INFO  classes.DataBaseWorker: DB showed
INFO  classes.DataBaseWorker: DB showed
INFO  classes.DataBaseWorker: DB showed
INFO  classes.DataBaseWorker: DB showed
INFO  classes.DataBaseWorker: DB showed
INFO  classes.DataBaseWorker: DB showed
INFO  classes.DataBaseWorker: DB showed
INFO  classes.DataBaseWorker: DB showed
INFO  classes.DataBaseWorker: DB showed
INFO  classes.DataBaseWorker: DB showed
INFO  classes.DataBaseWorker: DB showed
INFO  classes.DataBaseWorker: DB showed
INFO  classes.DataBaseWorker: DB showed
INFO  classes.DataBaseWorker: DB showed
INFO  classes.DataBaseWorker: DB showed
INFO  classes.DataBaseWorker: DB showed
INFO  classes.DataBaseWorker: DB showed
INFO  classes.DataBaseWorker: DB showed
INFO  classes.DataBaseWorker: DB showed
INFO  classes.DataBaseWorker: DB showed
INFO  classes.DataBaseWorker: DB showed
INFO  classes.DataBaseWorker: DB showed
INFO  classes.DataBaseWorker: DB showed
INFO  classes.DataBaseWorker: DB showed
INFO  classes.DataBaseWorker: DB showed
INFO  classes.DataBaseWorker: DB showed
INFO  classes.DataBaseWorker: DB showed
INFO  classes.DataBaseWorker: DB showed
INFO  classes.DataBaseWorker: DB showed
INFO  classes.DataBaseWorker: DB showed
INFO  classes.DataBaseWorker: DB showed
INFO  classes.DataBaseWorker: DB showed
INFO  classes.DataBaseWorker: DB showed
INFO  classes.DataBaseWorker: DB showed
INFO  classes.DataBaseWorker: DB showed
INFO  classes.DataBaseWorker: DB showed
INFO  classes.DataBaseWorker: DB showed
INFO  classes.DataBaseWorker: DB showed
INFO  classes.DataBaseWorker: DB showed
INFO  classes.DataBaseWorker: DB showed
INFO  classes.DataBaseWorker: DB showed
INFO  classes.DataBaseWorker: DB showed
INFO  classes.DataBaseWorker: DB showed
INFO  classes.DataBaseWorker: DB showed
INFO  classes.DataBaseWorker: DB showed
INFO  classes.DataBaseWorker: DB showed
INFO  classes.DataBaseWorker: DB showed
INFO  classes.DataBaseWorker: DB showed
INFO  classes.DataBaseWorker: DB showed
INFO  classes.DataBaseWorker: DB showed
INFO  classes.DataBaseWorker: DB showed
INFO  classes.DataBaseWorker: DB showed
INFO  classes.DataBaseWorker: DB showed
INFO  classes.DataBaseWorker: DB showed
INFO  classes.DataBaseWorker: DB showed
INFO  classes.DataBaseWorker: DB showed
INFO  classes.DataBaseWorker: DB showed
INFO  classes.DataBaseWorker: DB showed
INFO  classes.DataBaseWorker: DB showed
INFO  classes.DataBaseWorker: DB showed
INFO  classes.DataBaseWorker: DB showed
INFO  classes.DataBaseWorker: DB showed
INFO  classes.DataBaseWorker: DB showed
INFO  classes.DataBaseWorker: DB showed
INFO  classes.DataBaseWorker: DB showed
INFO  classes.DataBaseWorker: DB showed
INFO  classes.DataBaseWorker: DB showed
INFO  classes.DataBaseWorker: DB showed
INFO  classes.DataBaseWorker: DB showed
INFO  classes.DataBaseWorker: DB showed
INFO  classes.DataBaseWorker: DB showed
INFO  classes.DataBaseWorker: DB showed
INFO  classes.DataBaseWorker: DB showed
INFO  classes.DataBaseWorker: DB showed
INFO  classes.DataBaseWorker: DB showed
INFO  classes.DataBaseWorker: DB showed
INFO  classes.DataBaseWorker: DB showed
INFO  classes.DataBaseWorker: DB showed
INFO  classes.DataBaseWorker: DB showed
INFO  classes.DataBaseWorker: DB showed
INFO  classes.DataBaseWorker: DB showed
INFO  classes.DataBaseWorker: DB showed
INFO  classes.DataBaseWorker: DB showed
INFO  classes.DataBaseWorker: DB showed
INFO  classes.DataBaseWorker: DB showed
INFO  classes.DataBaseWorker: DB showed
INFO  classes.DataBaseWorker: DB showed
INFO  classes.DataBaseWorker: DB showed
INFO  classes.DataBaseWorker: DB showed
INFO  classes.DataBaseWorker: DB showed
INFO  classes.DataBaseWorker: DB showed
INFO  classes.DataBaseWorker: DB showed
INFO  classes.DataBaseWorker: DB showed
INFO  classes.DataBaseWorker: DB showed
INFO  classes.DataBaseWorker: DB showed
INFO  classes.DataBaseWorker: DB showed
INFO  classes.DataBaseWorker: DB showed
INFO  classes.DataBaseWorker: DB showed
INFO  classes.DataBaseWorker: DB showed
INFO  classes.DataBaseWorker: DB showed
INFO  classes.DataBaseWorker: DB showed
INFO  classes.DataBaseWorker: DB showed
INFO  classes.DataBaseWorker: DB showed
INFO  classes.DataBaseWorker: DB showed
INFO  classes.DataBaseWorker: DB showed
INFO  classes.DataBaseWorker: DB showed
INFO  classes.DataBaseWorker: DB showed
INFO  classes.DataBaseWorker: DB showed
INFO  classes.DataBaseWorker: DB showed
INFO  classes.DataBaseWorker: DB showed
INFO  classes.DataBaseWorker: DB showed
INFO  classes.DataBaseWorker: DB showed
INFO  classes.DataBaseWorker: DB showed
INFO  classes.DataBaseWorker: DB showed
INFO  classes.DataBaseWorker: DB showed
INFO  classes.DataBaseWorker: DB showed
INFO  classes.DataBaseWorker: DB showed
INFO  classes.DataBaseWorker: DB showed
INFO  classes.DataBaseWorker: DB showed
INFO  classes.DataBaseWorker: DB showed
INFO  classes.DataBaseWorker: DB showed
INFO  classes.DataBaseWorker: DB showed
INFO  classes.DataBaseWorker: DB showed
INFO  classes.DataBaseWorker: DB showed
INFO  classes.DataBaseWorker: DB showed
INFO  classes.DataBaseWorker: DB showed
INFO  classes.DataBaseWorker: DB showed
INFO  classes.DataBaseWorker: DB showed
INFO  classes.DataBaseWorker: DB showed
INFO  classes.DataBaseWorker: DB showed
INFO  classes.DataBaseWorker: DB showed
INFO  classes.DataBaseWorker: DB showed
INFO  classes.DataBaseWorker: DB showed
INFO  classes.DataBaseWorker: DB showed
INFO  classes.DataBaseWorker: DB showed
INFO  classes.DataBaseWorker: DB showed
INFO  classes.DataBaseWorker: DB showed
INFO  classes.DataBaseWorker: DB showed
INFO  classes.DataBaseWorker: DB showed
INFO  classes.DataBaseWorker: DB showed
INFO  classes.DataBaseWorker: DB showed
INFO  classes.DataBaseWorker: DB showed
INFO  classes.DataBaseWorker: DB showed
INFO  classes.DataBaseWorker: DB showed
INFO  classes.DataBaseWorker: DB showed
INFO  classes.DataBaseWorker: DB showed
INFO  classes.DataBaseWorker: DB showed
INFO  classes.DataBaseWorker: DB showed
INFO  classes.DataBaseWorker: DB showed
INFO  classes.DataBaseWorker: DB showed
INFO  classes.DataBaseWorker: DB showed
INFO  classes.DataBaseWorker: DB showed
INFO  classes.DataBaseWorker: DB showed
INFO  classes.DataBaseWorker: DB showed
INFO  classes.DataBaseWorker: DB showed
INFO  classes.DataBaseWorker: DB showed
INFO  classes.DataBaseWorker: DB showed
INFO  classes.DataBaseWorker: DB showed
INFO  classes.DataBaseWorker: DB showed
INFO  classes.DataBaseWorker: DB showed
INFO  classes.DataBaseWorker: DB showed
INFO  classes.DataBaseWorker: DB showed
INFO  classes.DataBaseWorker: DB showed
INFO  classes.DataBaseWorker: DB showed
INFO  classes.DataBaseWorker: DB showed
INFO  classes.DataBaseWorker: DB showed
INFO  classes.DataBaseWorker: DB showed
INFO  classes.DataBaseWorker: DB showed
INFO  classes.DataBaseWorker: DB showed
INFO  classes.DataBaseWorker: DB showed
INFO  classes.DataBaseWorker: DB showed
INFO  classes.DataBaseWorker: DB showed
INFO  classes.DataBaseWorker: DB showed
INFO  classes.DataBaseWorker: DB showed
INFO  classes.DataBaseWorker: DB showed
INFO  classes.DataBaseWorker: DB showed
INFO  classes.DataBaseWorker: DB showed
INFO  classes.DataBaseWorker: DB showed
INFO  classes.DataBaseWorker: DB showed
INFO  classes.DataBaseWorker: DB showed
INFO  classes.DataBaseWorker: DB showed
INFO  classes.DataBaseWorker: DB showed
INFO  classes.DataBaseWorker: DB showed
INFO  classes.DataBaseWorker: DB showed
INFO  classes.DataBaseWorker: DB showed
INFO  classes.DataBaseWorker: DB showed
INFO  classes.DataBaseWorker: DB showed
INFO  classes.DataBaseWorker: DB showed
INFO  classes.DataBaseWorker: DB showed
INFO  classes.DataBaseWorker: DB showed
INFO  classes.DataBaseWorker: DB showed
INFO  classes.DataBaseWorker: DB showed
INFO  classes.DataBaseWorker: DB showed
INFO  classes.DataBaseWorker: DB showed
INFO  classes.DataBaseWorker: DB showed
INFO  classes.DataBaseWorker: DB showed
INFO  classes.DataBaseWorker: DB showed
INFO  classes.DataBaseWorker: DB showed
INFO  classes.DataBaseWorker: DB showed
INFO  classes.DataBaseWorker: DB showed
INFO  classes.DataBaseWorker: DB showed
INFO  classes.DataBaseWorker: DB showed
INFO  classes.DataBaseWorker: DB showed
INFO  classes.DataBaseWorker: DB showed
INFO  classes.DataBaseWorker: DB showed
INFO  classes.DataBaseWorker: DB showed
INFO  classes.DataBaseWorker: DB showed
INFO  classes.DataBaseWorker: DB showed
INFO  classes.DataBaseWorker: DB showed
INFO  classes.DataBaseWorker: DB showed
INFO  classes.DataBaseWorker: DB showed
INFO  classes.DataBaseWorker: DB showed
INFO  classes.DataBaseWorker: DB showed
INFO  classes.DataBaseWorker: DB showed
INFO  classes.DataBaseWorker: DB showed
INFO  classes.DataBaseWorker: DB showed
INFO  classes.DataBaseWorker: DB showed
INFO  classes.DataBaseWorker: DB showed
INFO  classes.DataBaseWorker: DB showed
INFO  classes.DataBaseWorker: DB showed
INFO  classes.DataBaseWorker: DB showed
INFO  classes.DataBaseWorker: DB showed
INFO  classes.DataBaseWorker: DB showed
INFO  classes.DataBaseWorker: DB showed
INFO  classes.DataBaseWorker: DB showed
INFO  classes.DataBaseWorker: DB showed
INFO  classes.DataBaseWorker: DB showed
INFO  classes.DataBaseWorker: DB showed
INFO  classes.DataBaseWorker: DB showed
INFO  classes.DataBaseWorker: DB showed
INFO  classes.DataBaseWorker: DB showed
INFO  classes.DataBaseWorker: DB showed
INFO  classes.DataBaseWorker: DB showed
INFO  classes.DataBaseWorker: DB showed
INFO  classes.DataBaseWorker: DB showed
INFO  classes.DataBaseWorker: DB showed
INFO  classes.DataBaseWorker: DB showed
INFO  classes.DataBaseWorker: found
INFO  classes.DataBaseWorker: DB showed
INFO  classes.DataBaseWorker: found
INFO  classes.DataBaseWorker: found
INFO  classes.DataBaseWorker: found
INFO  classes.DataBaseWorker: found
INFO  classes.DataBaseWorker: found
INFO  classes.DataBaseWorker: found
INFO  classes.DataBaseWorker: found
INFO  classes.DataBaseWorker: found
INFO  classes.DataBaseWorker: found
INFO  classes.DataBaseWorker: found
INFO  classes.DataBaseWorker: found
INFO  classes.DataBaseWorker: DB showed
INFO  classes.DataBaseWorker: DB showed
INFO  classes.DataBaseWorker: DB showed
INFO  classes.DataBaseWorker: DB showed
INFO  classes.DataBaseWorker: DB showed
INFO  classes.DataBaseWorker: DB showed
INFO  classes.DataBaseWorker: DB showed
INFO  classes.DataBaseWorker: DB showed
INFO  classes.DataBaseWorker: DB showed
INFO  classes.DataBaseWorker: DB showed
INFO  classes.DataBaseWorker: DB showed
INFO  classes.DataBaseWorker: DB showed
INFO  classes.DataBaseWorker: DB showed
INFO  classes.DataBaseWorker: found
INFO  classes.DataBaseWorker: found
INFO  classes.DataBaseWorker: found
INFO  classes.DataBaseWorker: found
INFO  classes.DataBaseWorker: found
INFO  classes.DataBaseWorker: found
INFO  classes.DataBaseWorker: DB showed
INFO  classes.DataBaseWorker: found
INFO  classes.DataBaseWorker: DB showed
INFO  classes.DataBaseWorker: DB showed
INFO  classes.DataBaseWorker: DB showed
INFO  classes.DataBaseWorker: DB showed
INFO  classes.DataBaseWorker: DB showed
INFO  classes.DataBaseWorker: DB showed
INFO  classes.DataBaseWorker: found
INFO  classes.DataBaseWorker: found
INFO  classes.DataBaseWorker: found
INFO  classes.DataBaseWorker: DB showed
INFO  classes.DataBaseWorker: DB showed
INFO  classes.DataBaseWorker: found
INFO  classes.DataBaseWorker: found
INFO  classes.DataBaseWorker: found
INFO  classes.DataBaseWorker: found
INFO  classes.DataBaseWorker: DB showed
INFO  classes.DataBaseWorker: DB showed
INFO  classes.DataBaseWorker: DB showed
INFO  classes.DataBaseWorker: DB showed
INFO  classes.DataBaseWorker: DB showed
INFO  classes.DataBaseWorker: DB showed
INFO  classes.DataBaseWorker: found
INFO  classes.DataBaseWorker: DB showed
INFO  classes.DataBaseWorker: found
INFO  classes.DataBaseWorker: found
INFO  classes.DataBaseWorker: found
INFO  classes.DataBaseWorker: --->DB showed
INFO  classes.DataBaseWorker: --->DB showed
INFO  classes.DataBaseWorker: --->Found
INFO  classes.DataBaseWorker: --->Found
INFO  classes.DataBaseWorker: --->Found
INFO  classes.DataBaseWorker: --->Found
INFO  classes.DataBaseWorker: --->Found
INFO  classes.DataBaseWorker: --->Found
INFO  classes.DataBaseWorker: --->Found
INFO  classes.DataBaseWorker: --->Found
INFO  classes.DataBaseWorker: --->Found
INFO  classes.DataBaseWorker: --->Found
INFO  classes.DataBaseWorker: --->Found
INFO  classes.DataBaseWorker: --->Found
INFO  classes.DataBaseWorker: --->Found
INFO  classes.DataBaseWorker: --->Found
INFO  classes.DataBaseWorker: --->Found
INFO  classes.DataBaseWorker: --->Found
INFO  classes.DataBaseWorker: --->Found
INFO  classes.DataBaseWorker: --->Found
INFO  classes.DataBaseWorker: --->Found
INFO  classes.DataBaseWorker: --->Found
INFO  classes.DataBaseWorker: --->Found
INFO  classes.DataBaseWorker: --->Found
INFO  classes.DataBaseWorker: --->Found
INFO  classes.DataBaseWorker: --->Found
INFO  classes.DataBaseWorker: --->Found
INFO  classes.DataBaseWorker: --->Found
INFO  classes.DataBaseWorker: --->DB showed
INFO  classes.DataBaseWorker: --->DB showed
INFO  classes.DataBaseWorker: --->Found
INFO  classes.DataBaseWorker: --->Found
INFO  classes.DataBaseWorker: --->Found
INFO  classes.DataBaseWorker: --->Found
INFO  classes.DataBaseWorker: --->Found
INFO  classes.DataBaseWorker: --->DB showed
INFO  classes.DataBaseWorker: --->DB showed
INFO  classes.DataBaseWorker: --->Found
INFO  classes.DataBaseWorker: --->Found
INFO  classes.DataBaseWorker: --->Found
INFO  classes.DataBaseWorker: --->Found
INFO  classes.DataBaseWorker: --->Found
INFO  classes.DataBaseWorker: --->Found
INFO  classes.DataBaseWorker: --->Found
INFO  classes.DataBaseWorker: --->DB showed
INFO  classes.DataBaseWorker: --->Added one element id=4802
INFO  classes.DataBaseWorker: --->Added one element id=4803
INFO  classes.DataBaseWorker: --->Added one element id=4804
INFO  classes.DataBaseWorker: --->Added one element id=4805
INFO  classes.DataBaseWorker: --->DB showed
INFO  classes.DataBaseWorker: --->Added one element id=4806
INFO  classes.DataBaseWorker: --->Added one element id=4807
INFO  classes.DataBaseWorker: --->Added one element id=4808
INFO  classes.DataBaseWorker: --->Added one element id=4809
INFO  classes.DataBaseWorker: --->Added one element id=4810
INFO  classes.DataBaseWorker: --->DB showed
INFO  classes.DataBaseWorker: --->Added one element id=4811
INFO  classes.DataBaseWorker: --->Added one element id=4812
INFO  classes.DataBaseWorker: --->Added one element id=4813
INFO  classes.DataBaseWorker: --->Added one element id=4814
INFO  classes.DataBaseWorker: --->Added one element id=4815
INFO  classes.DataBaseWorker: --->Added one element id=4816
INFO  classes.DataBaseWorker: --->Added one element id=4817
INFO  classes.DataBaseWorker: --->DB showed
INFO  classes.DataBaseWorker: --->Found
INFO  classes.DataBaseWorker: --->Found
INFO  classes.DataBaseWorker: --->Added one element id=4818
INFO  classes.DataBaseWorker: --->Added one element id=4819
INFO  classes.DataBaseWorker: --->Added one element id=4820
INFO  classes.DataBaseWorker: --->Added one element id=4821
INFO  classes.DataBaseWorker: --->Added one element id=4822
INFO  classes.DataBaseWorker: --->Added one element id=4823
INFO  classes.DataBaseWorker: --->DB showed
INFO  classes.DataBaseWorker: --->DB showed
INFO  classes.DataBaseWorker: --->DB showed
INFO  classes.DataBaseWorker: --->DB showed
INFO  classes.DataBaseWorker: --->DB showed
INFO  classes.DataBaseWorker: --->DB showed
INFO  classes.DataBaseWorker: --->DB showed
INFO  classes.DataBaseWorker: --->Found
INFO  classes.DataBaseWorker: --->Found
INFO  classes.DataBaseWorker: --->Found
INFO  classes.DataBaseWorker: --->Found
INFO  classes.DataBaseWorker: --->Found
INFO  classes.DataBaseWorker: --->DB showed
INFO  classes.DataBaseWorker: --->DB showed
INFO  classes.DataBaseWorker: --->Deleted element
INFO  classes.DataBaseWorker: --->Deleted element
INFO  classes.DataBaseWorker: --->Deleted element
INFO  classes.DataBaseWorker: --->Deleted element
INFO  classes.DataBaseWorker: --->Deleted element
INFO  classes.DataBaseWorker: --->Deleted element
INFO  classes.DataBaseWorker: --->Deleted element
INFO  classes.DataBaseWorker: --->Deleted element
INFO  classes.DataBaseWorker: --->Deleted element
INFO  classes.DataBaseWorker: --->Deleted element
INFO  classes.DataBaseWorker: --->Deleted element
INFO  classes.DataBaseWorker: --->Deleted element
INFO  classes.DataBaseWorker: --->Deleted element
INFO  classes.DataBaseWorker: --->Deleted element
INFO  classes.DataBaseWorker: --->Deleted element
INFO  classes.DataBaseWorker: --->Deleted element
INFO  classes.DataBaseWorker: --->Deleted element
INFO  classes.DataBaseWorker: --->Deleted element
INFO  classes.DataBaseWorker: --->Deleted element
INFO  classes.DataBaseWorker: --->Deleted element
INFO  classes.DataBaseWorker: --->Deleted element
INFO  classes.DataBaseWorker: --->Deleted element
INFO  classes.DataBaseWorker: --->Deleted element
INFO  classes.DataBaseWorker: --->Deleted element
INFO  classes.DataBaseWorker: --->Deleted element
INFO  classes.DataBaseWorker: --->Deleted element
INFO  classes.DataBaseWorker: --->Deleted element
INFO  classes.DataBaseWorker: --->Deleted element
INFO  classes.DataBaseWorker: --->Deleted element
INFO  classes.DataBaseWorker: --->Deleted element
INFO  classes.DataBaseWorker: --->Deleted element
INFO  classes.DataBaseWorker: --->Deleted element
INFO  classes.DataBaseWorker: --->Deleted element
INFO  classes.DataBaseWorker: --->Deleted element
INFO  classes.DataBaseWorker: --->DB showed
INFO  classes.DataBaseWorker: --->DB showed
INFO  classes.DataBaseWorker: --->Deleted element
INFO  classes.DataBaseWorker: --->Deleted element
INFO  classes.DataBaseWorker: --->Deleted element
INFO  classes.DataBaseWorker: --->Deleted element
INFO  classes.DataBaseWorker: --->Deleted element
INFO  classes.DataBaseWorker: --->Deleted element
INFO  classes.DataBaseWorker: --->DB showed
INFO  classes.DataBaseWorker: --->Deleted element
INFO  classes.DataBaseWorker: --->DB showed
INFO  classes.DataBaseWorker: --->DB showed
INFO  classes.DataBaseWorker: --->DB showed
INFO  classes.DataBaseWorker: --->DB showed
INFO  classes.DataBaseWorker: --->DB showed
INFO  classes.DataBaseWorker: --->DB showed
INFO  classes.DataBaseWorker: --->DB showed
INFO  classes.DataBaseWorker: --->DB showed
INFO  classes.DataBaseWorker: --->Found
INFO  classes.DataBaseWorker: --->Found
INFO  classes.DataBaseWorker: --->Added one element id=4901
INFO  classes.DataBaseWorker: --->Added one element id=4902
INFO  classes.DataBaseWorker: --->Added one element id=4903
INFO  classes.DataBaseWorker: --->Added one element id=4904
INFO  classes.DataBaseWorker: --->Added one element id=4905
INFO  classes.DataBaseWorker: --->DB showed
INFO  classes.DataBaseWorker: --->Added one element id=4906
INFO  classes.DataBaseWorker: --->Added one element id=4907
INFO  classes.DataBaseWorker: --->Added one element id=4908
INFO  classes.DataBaseWorker: --->Added one element id=4909
INFO  classes.DataBaseWorker: --->Found
INFO  classes.DataBaseWorker: --->DB showed
INFO  classes.DataBaseWorker: --->Deleted element
INFO  classes.DataBaseWorker: --->DB showed
INFO  classes.DataBaseWorker: --->DB showed
INFO  classes.DataBaseWorker: --->DB showed
INFO  classes.DataBaseWorker: --->DB showed
INFO  classes.DataBaseWorker: --->DB showed
INFO  classes.DataBaseWorker: --->DB showed
INFO  classes.DataBaseWorker: --->DB showed
INFO  classes.DataBaseWorker: --->DB showed
INFO  classes.DataBaseWorker: --->DB showed
INFO  classes.DataBaseWorker: --->DB showed
INFO  classes.DataBaseWorker: --->DB showed
INFO  classes.DataBaseWorker: --->DB showed
INFO  classes.DataBaseWorker: --->DB showed
INFO  classes.DataBaseWorker: --->DB showed
INFO  classes.DataBaseWorker: --->DB showed
INFO  classes.DataBaseWorker: --->DB showed
INFO  classes.DataBaseWorker: --->DB showed
INFO  classes.DataBaseWorker: --->DB showed
INFO  classes.DataBaseWorker: --->DB showed
INFO  classes.DataBaseWorker: --->DB showed
INFO  classes.DataBaseWorker: --->Deleted element
INFO  classes.DataBaseWorker: --->Deleted element
INFO  classes.DataBaseWorker: --->Deleted element
INFO  classes.DataBaseWorker: --->Deleted element
INFO  classes.DataBaseWorker: --->Deleted element
INFO  classes.DataBaseWorker: --->Deleted element
INFO  classes.DataBaseWorker: --->Deleted element
INFO  classes.DataBaseWorker: --->Deleted element
INFO  classes.DataBaseWorker: --->Deleted element
INFO  classes.DataBaseWorker: --->Deleted element
INFO  classes.DataBaseWorker: --->Deleted element
INFO  classes.DataBaseWorker: --->DB showed
INFO  classes.DataBaseWorker: --->DB showed
INFO  classes.DataBaseWorker: --->DB showed
INFO  classes.DataBaseWorker: --->DB showed
INFO  classes.DataBaseWorker: --->DB showed
INFO  classes.DataBaseWorker: --->DB showed
INFO  classes.DataBaseWorker: --->DB showed
INFO  classes.DataBaseWorker: --->DB showed
INFO  classes.DataBaseWorker: --->DB showed
INFO  classes.DataBaseWorker: --->DB showed
INFO  classes.DataBaseWorker: --->DB showed
INFO  classes.DataBaseWorker: --->DB showed
INFO  classes.DataBaseWorker: --->DB showed
INFO  classes.DataBaseWorker: --->DB showed
INFO  classes.DataBaseWorker: --->DB showed
INFO  classes.DataBaseWorker: --->DB showed
INFO  classes.DataBaseWorker: --->DB showed
INFO  classes.DataBaseWorker: --->DB showed
INFO  classes.DataBaseWorker: --->Added one element id=5001
INFO  classes.DataBaseWorker: --->Updated one id=0
INFO  classes.DataBaseWorker: --->DB showed
INFO  classes.DataBaseWorker: --->DB showed
INFO  classes.DataBaseWorker: --->Updated one id=5001
INFO  classes.DataBaseWorker: --->DB showed
INFO  classes.DataBaseWorker: --->Updated one id=5001
INFO  classes.DataBaseWorker: --->DB showed
INFO  classes.DataBaseWorker: --->Updated one id=5001
INFO  classes.DataBaseWorker: --->Added one element id=5101
INFO  classes.DataBaseWorker: --->DB showed
INFO  classes.DataBaseWorker: --->DB showed
INFO  classes.DataBaseWorker: --->Updated one id=5101
INFO  classes.DataBaseWorker: --->DB showed
INFO  classes.DataBaseWorker: --->Added one element id=5102
INFO  classes.DataBaseWorker: --->DB showed
INFO  classes.DataBaseWorker: --->Updated one id=5102
INFO  classes.DataBaseWorker: --->DB showed
INFO  classes.DataBaseWorker: --->Added one element id=5103
INFO  classes.DataBaseWorker: --->Added one element id=5104
INFO  classes.DataBaseWorker: --->DB showed
INFO  classes.DataBaseWorker: --->Found
INFO  classes.DataBaseWorker: --->DB showed
INFO  classes.DataBaseWorker: --->Found
INFO  classes.DataBaseWorker: --->Found
INFO  classes.DataBaseWorker: --->DB showed
INFO  classes.DataBaseWorker: --->Found
INFO  classes.DataBaseWorker: --->Updated one id=5102
INFO  classes.DataBaseWorker: --->DB showed
INFO  classes.DataBaseWorker: --->Updated one id=5104
INFO  classes.DataBaseWorker: --->Updated one id=5104
INFO  classes.DataBaseWorker: --->Added one element id=5105
INFO  classes.DataBaseWorker: --->DB showed
INFO  classes.DataBaseWorker: --->Deleted element
INFO  classes.DataBaseWorker: --->Deleted element
INFO  classes.DataBaseWorker: --->Deleted element
INFO  classes.DataBaseWorker: --->Deleted element
INFO  classes.DataBaseWorker: --->Deleted element
INFO  classes.DataBaseWorker: --->Deleted element
INFO  classes.DataBaseWorker: --->Updated one id=2208
INFO  classes.DataBaseWorker: --->Updated one id=2207
INFO  classes.DataBaseWorker: --->Updated one id=2206
INFO  classes.DataBaseWorker: --->Updated one id=2205
INFO  classes.DataBaseWorker: --->Updated one id=2204
INFO  classes.DataBaseWorker: --->Updated one id=2203
INFO  classes.DataBaseWorker: --->Updated one id=2202
INFO  classes.DataBaseWorker: --->Updated one id=2201
INFO  classes.DataBaseWorker: --->DB showed
INFO  classes.DataBaseWorker: --->Added one element id=5106
INFO  classes.DataBaseWorker: --->DB showed
INFO  classes.DataBaseWorker: --->DB showed
INFO  classes.DataBaseWorker: --->Deleted element
INFO  classes.DataBaseWorker: --->Added one element id=5107
INFO  classes.DataBaseWorker: --->Updated one id=5107
INFO  classes.DataBaseWorker: --->DB showed
INFO  classes.DataBaseWorker: --->DB showed
INFO  classes.DataBaseWorker: --->Found
INFO  classes.DataBaseWorker: --->Found
INFO  classes.DataBaseWorker: --->Found
INFO  classes.DataBaseWorker: --->Found
INFO  classes.DataBaseWorker: --->Found
INFO  classes.DataBaseWorker: --->Found
INFO  classes.DataBaseWorker: --->Found
INFO  classes.DataBaseWorker: --->Updated one id=2206
INFO  classes.DataBaseWorker: --->DB showed
INFO  classes.DataBaseWorker: --->DB showed
INFO  classes.DataBaseWorker: --->DB showed
INFO  classes.DataBaseWorker: --->DB showed
INFO  classes.DataBaseWorker: --->DB showed
INFO  classes.DataBaseWorker: --->DB showed
INFO  classes.DataBaseWorker: --->DB showed
INFO  classes.DataBaseWorker: --->DB showed
INFO  classes.DataBaseWorker: --->Added one element id=5108
INFO  classes.DataBaseWorker: --->DB showed
INFO  classes.DataBaseWorker: --->DB showed
INFO  classes.DataBaseWorker: --->Deleted element
INFO  classes.DataBaseWorker: --->Deleted element
INFO  classes.DataBaseWorker: --->DB showed
INFO  classes.DataBaseWorker: --->DB showed
INFO  classes.DataBaseWorker: --->DB showed
INFO  classes.DataBaseWorker: --->Added one element id=5109
INFO  classes.DataBaseWorker: --->DB showed
INFO  classes.DataBaseWorker: --->Deleted element
INFO  classes.DataBaseWorker: --->DB showed
INFO  classes.DataBaseWorker: --->DB showed
INFO  classes.DataBaseWorker: --->DB showed
INFO  classes.DataBaseWorker: --->DB showed
INFO  classes.DataBaseWorker: --->Added one element id=5201
INFO  classes.DataBaseWorker: --->DB showed
INFO  classes.DataBaseWorker: --->DB showed
INFO  classes.DataBaseWorker: --->DB showed
INFO  classes.DataBaseWorker: --->Deleted element
INFO  classes.DataBaseWorker: --->Added one element id=5301
INFO  classes.DataBaseWorker: --->Deleted element
INFO  classes.DataBaseWorker: --->DB showed
INFO  classes.DataBaseWorker: --->DB showed
INFO  classes.DataBaseWorker: --->Added one element id=5302
INFO  classes.DataBaseWorker: --->DB showed
INFO  classes.DataBaseWorker: --->Deleted element
INFO  classes.DataBaseWorker: --->DB showed
INFO  classes.DataBaseWorker: --->Added one element id=5303
INFO  classes.DataBaseWorker: --->DB showed
INFO  classes.DataBaseWorker: --->Updated one id=5303
INFO  classes.DataBaseWorker: --->DB showed
INFO  classes.DataBaseWorker: --->Found
INFO  classes.DataBaseWorker: --->Found
INFO  classes.DataBaseWorker: --->DB showed
INFO  classes.DataBaseWorker: --->DB showed
INFO  classes.DataBaseWorker: --->DB showed
INFO  classes.DataBaseWorker: --->DB showed
INFO  classes.DataBaseWorker: --->DB showed
INFO  classes.DataBaseWorker: --->DB showed
INFO  classes.DataBaseWorker: --->DB showed
INFO  classes.DataBaseWorker: --->DB showed
INFO  classes.DataBaseWorker: --->DB showed
INFO  classes.DataBaseWorker: --->DB showed
INFO  classes.DataBaseWorker: --->Deleted element
INFO  classes.DataBaseWorker: --->DB showed
INFO  classes.DataBaseWorker: --->DB showed
INFO  classes.DataBaseWorker: --->DB showed
INFO  classes.DataBaseWorker: --->DB showed
INFO  classes.DataBaseWorker: --->DB showed
INFO  classes.DataBaseWorker: --->DB showed
INFO  classes.DataBaseWorker: --->DB showed
INFO  classes.DataBaseWorker: --->DB showed
INFO  classes.DataBaseWorker: --->DB showed
INFO  classes.DataBaseWorker: --->DB showed
INFO  classes.DataBaseWorker: --->DB showed
INFO  classes.DataBaseWorker: --->DB showed
INFO  classes.DataBaseWorker: --->DB showed
INFO  classes.DataBaseWorker: --->DB showed
INFO  classes.DataBaseWorker: --->DB showed
INFO  classes.DataBaseWorker: --->DB showed
INFO  classes.DataBaseWorker: --->DB showed
INFO  classes.DataBaseWorker: --->DB showed
INFO  classes.DataBaseWorker: --->DB showed
INFO  classes.DataBaseWorker: --->DB showed
INFO  classes.DataBaseWorker: --->DB showed
INFO  classes.DataBaseWorker: --->DB showed
INFO  classes.DataBaseWorker: --->DB showed
INFO  classes.DataBaseWorker: --->DB showed
INFO  classes.DataBaseWorker: --->DB showed
INFO  classes.DataBaseWorker: --->DB showed
INFO  classes.DataBaseWorker: --->DB showed
INFO  classes.DataBaseWorker: --->DB showed
INFO  classes.DataBaseWorker: --->DB showed
INFO  classes.DataBaseWorker: --->DB showed
INFO  classes.DataBaseWorker: --->DB showed
INFO  classes.DataBaseWorker: --->DB showed
INFO  classes.DataBaseWorker: --->DB showed
