INFO  classes.DataBaseWorker: DB showed
INFO  classes.DataBaseWorker: DB showed
INFO  classes.DataBaseWorker: DB showed
INFO  classes.DataBaseWorker: DB showed
INFO  classes.DataBaseWorker: DB showed
INFO  classes.DataBaseWorker: DB showed
INFO  classes.DataBaseWorker: DB showed
INFO  classes.DataBaseWorker: DB showed
INFO  classes.DataBaseWorker: DB showed
INFO  classes.DataBaseWorker: DB showed
INFO  classes.DataBaseWorker: DB showed
INFO  classes.DataBaseWorker: found
INFO  classes.DataBaseWorker: found
INFO  classes.DataBaseWorker: found
INFO  classes.DataBaseWorker: found
INFO  classes.DataBaseWorker: found
INFO  classes.DataBaseWorker: found
INFO  classes.DataBaseWorker: DB showed
INFO  classes.DataBaseWorker: DB showed
INFO  classes.DataBaseWorker: DB showed
INFO  classes.DataBaseWorker: found
INFO  classes.DataBaseWorker: found
INFO  classes.DataBaseWorker: found
INFO  classes.DataBaseWorker: found
INFO  classes.DataBaseWorker: found
INFO  classes.DataBaseWorker: found
INFO  classes.DataBaseWorker: found
INFO  classes.DataBaseWorker: DB showed
INFO  classes.DataBaseWorker: found
INFO  classes.DataBaseWorker: found
INFO  classes.DataBaseWorker: found
INFO  classes.DataBaseWorker: DB showed
INFO  classes.DataBaseWorker: found
INFO  classes.DataBaseWorker: found
INFO  classes.DataBaseWorker: DB showed
INFO  classes.DataBaseWorker: found
INFO  classes.DataBaseWorker: found
INFO  classes.DataBaseWorker: DB showed
INFO  classes.DataBaseWorker: DB showed
INFO  classes.DataBaseWorker: found
INFO  classes.DataBaseWorker: found
INFO  classes.DataBaseWorker: DB showed
INFO  classes.DataBaseWorker: found
INFO  classes.DataBaseWorker: DB showed
INFO  classes.DataBaseWorker: DB showed
INFO  classes.DataBaseWorker: found
INFO  classes.DataBaseWorker: DB showed
INFO  classes.DataBaseWorker: DB showed
INFO  classes.DataBaseWorker: DB showed
INFO  classes.DataBaseWorker: DB showed
INFO  classes.DataBaseWorker: DB showed
INFO  classes.DataBaseWorker: DB showed
INFO  classes.DataBaseWorker: DB showed
INFO  classes.DataBaseWorker: DB showed
INFO  classes.DataBaseWorker: DB showed
INFO  classes.DataBaseWorker: DB showed
INFO  classes.DataBaseWorker: found
INFO  classes.DataBaseWorker: found
INFO  classes.DataBaseWorker: found
INFO  classes.DataBaseWorker: DB showed
INFO  classes.DataBaseWorker: found
INFO  classes.DataBaseWorker: DB showed
INFO  classes.DataBaseWorker: found
INFO  classes.DataBaseWorker: DB showed
INFO  classes.DataBaseWorker: DB showed
INFO  classes.DataBaseWorker: DB showed
INFO  classes.DataBaseWorker: DB showed
INFO  classes.DataBaseWorker: DB showed
INFO  classes.DataBaseWorker: DB showed
INFO  classes.DataBaseWorker: DB showed
INFO  classes.DataBaseWorker: DB showed
INFO  classes.DataBaseWorker: DB showed
INFO  classes.DataBaseWorker: DB showed
INFO  classes.DataBaseWorker: DB showed
INFO  classes.DataBaseWorker: DB showed
INFO  classes.DataBaseWorker: DB showed
INFO  classes.DataBaseWorker: DB showed
INFO  classes.DataBaseWorker: DB showed
INFO  classes.DataBaseWorker: DB showed
INFO  classes.DataBaseWorker: DB showed
INFO  classes.DataBaseWorker: found
INFO  classes.DataBaseWorker: DB showed
INFO  classes.DataBaseWorker: DB showed
INFO  classes.DataBaseWorker: DB showed
INFO  classes.DataBaseWorker: DB showed
INFO  classes.DataBaseWorker: DB showed
INFO  classes.DataBaseWorker: DB showed
INFO  classes.DataBaseWorker: DB showed
INFO  classes.DataBaseWorker: DB showed
INFO  classes.DataBaseWorker: DB showed
INFO  classes.DataBaseWorker: DB showed
INFO  classes.DataBaseWorker: DB showed
INFO  classes.DataBaseWorker: Deleted
INFO  classes.DataBaseWorker: DB showed
INFO  classes.DataBaseWorker: found
INFO  classes.DataBaseWorker: found
INFO  classes.DataBaseWorker: found
INFO  classes.DataBaseWorker: DB showed
INFO  classes.DataBaseWorker: DB showed
INFO  classes.DataBaseWorker: DB showed
INFO  classes.DataBaseWorker: DB showed
INFO  classes.DataBaseWorker: DB showed
INFO  classes.DataBaseWorker: DB showed
INFO  classes.DataBaseWorker: DB showed
INFO  classes.DataBaseWorker: DB showed
INFO  classes.DataBaseWorker: DB showed
INFO  classes.DataBaseWorker: DB showed
INFO  classes.DataBaseWorker: DB showed
INFO  classes.DataBaseWorker: DB showed
INFO  classes.DataBaseWorker: DB showed
INFO  classes.DataBaseWorker: DB showed
INFO  classes.DataBaseWorker: DB showed
INFO  classes.DataBaseWorker: DB showed
INFO  classes.DataBaseWorker: DB showed
INFO  classes.DataBaseWorker: DB showed
INFO  classes.DataBaseWorker: DB showed
INFO  classes.DataBaseWorker: DB showed
INFO  classes.DataBaseWorker: DB showed
INFO  classes.DataBaseWorker: DB showed
INFO  classes.DataBaseWorker: DB showed
INFO  classes.DataBaseWorker: DB showed
INFO  classes.DataBaseWorker: DB showed
INFO  classes.DataBaseWorker: DB showed
INFO  classes.DataBaseWorker: DB showed
INFO  classes.DataBaseWorker: DB showed
INFO  classes.DataBaseWorker: DB showed
INFO  classes.DataBaseWorker: DB showed
INFO  classes.DataBaseWorker: DB showed
INFO  classes.DataBaseWorker: DB showed
INFO  classes.DataBaseWorker: DB showed
INFO  classes.DataBaseWorker: DB showed
INFO  classes.DataBaseWorker: DB showed
INFO  classes.DataBaseWorker: DB showed
INFO  classes.DataBaseWorker: DB showed
INFO  classes.DataBaseWorker: DB showed
INFO  classes.DataBaseWorker: DB showed
INFO  classes.DataBaseWorker: DB showed
INFO  classes.DataBaseWorker: DB showed
INFO  classes.DataBaseWorker: DB showed
INFO  classes.DataBaseWorker: DB showed
INFO  classes.DataBaseWorker: DB showed
INFO  classes.DataBaseWorker: DB showed
INFO  classes.DataBaseWorker: DB showed
INFO  classes.DataBaseWorker: DB showed
INFO  classes.DataBaseWorker: DB showed
INFO  classes.DataBaseWorker: DB showed
INFO  classes.DataBaseWorker: DB showed
INFO  classes.DataBaseWorker: DB showed
INFO  classes.DataBaseWorker: DB showed
INFO  classes.DataBaseWorker: DB showed
INFO  classes.DataBaseWorker: DB showed
INFO  classes.DataBaseWorker: DB showed
INFO  classes.DataBaseWorker: DB showed
INFO  classes.DataBaseWorker: DB showed
INFO  classes.DataBaseWorker: DB showed
INFO  classes.DataBaseWorker: DB showed
INFO  classes.DataBaseWorker: DB showed
INFO  classes.DataBaseWorker: DB showed
INFO  classes.DataBaseWorker: DB showed
INFO  classes.DataBaseWorker: DB showed
INFO  classes.DataBaseWorker: DB showed
INFO  classes.DataBaseWorker: DB showed
INFO  classes.DataBaseWorker: DB showed
INFO  classes.DataBaseWorker: DB showed
INFO  classes.DataBaseWorker: DB showed
INFO  classes.DataBaseWorker: DB showed
INFO  classes.DataBaseWorker: DB showed
INFO  classes.DataBaseWorker: DB showed
INFO  classes.DataBaseWorker: DB showed
INFO  classes.DataBaseWorker: DB showed
INFO  classes.DataBaseWorker: DB showed
INFO  classes.DataBaseWorker: DB showed
INFO  classes.DataBaseWorker: DB showed
INFO  classes.DataBaseWorker: DB showed
INFO  classes.DataBaseWorker: DB showed
INFO  classes.DataBaseWorker: found
INFO  classes.DataBaseWorker: found
INFO  classes.DataBaseWorker: DB showed
INFO  classes.DataBaseWorker: DB showed
INFO  classes.DataBaseWorker: DB showed
INFO  classes.DataBaseWorker: DB showed
INFO  classes.DataBaseWorker: DB showed
INFO  classes.DataBaseWorker: DB showed
INFO  classes.DataBaseWorker: DB showed
INFO  classes.DataBaseWorker: found
INFO  classes.DataBaseWorker: found
INFO  classes.DataBaseWorker: found
INFO  classes.DataBaseWorker: DB showed
INFO  classes.DataBaseWorker: DB showed
INFO  classes.DataBaseWorker: DB showed
INFO  classes.DataBaseWorker: DB showed
INFO  classes.DataBaseWorker: DB showed
INFO  classes.DataBaseWorker: DB showed
INFO  classes.DataBaseWorker: DB showed
INFO  classes.DataBaseWorker: DB showed
INFO  classes.DataBaseWorker: DB showed
INFO  classes.DataBaseWorker: DB showed
INFO  classes.DataBaseWorker: DB showed
INFO  classes.DataBaseWorker: DB showed
INFO  classes.DataBaseWorker: DB showed
INFO  classes.DataBaseWorker: DB showed
INFO  classes.DataBaseWorker: DB showed
INFO  classes.DataBaseWorker: DB showed
INFO  classes.DataBaseWorker: DB showed
INFO  classes.DataBaseWorker: DB showed
INFO  classes.DataBaseWorker: DB showed
INFO  classes.DataBaseWorker: DB showed
INFO  classes.DataBaseWorker: DB showed
INFO  classes.DataBaseWorker: DB showed
INFO  classes.DataBaseWorker: DB showed
INFO  classes.DataBaseWorker: DB showed
INFO  classes.DataBaseWorker: DB showed
INFO  classes.DataBaseWorker: DB showed
INFO  classes.DataBaseWorker: DB showed
INFO  classes.DataBaseWorker: DB showed
INFO  classes.DataBaseWorker: DB showed
INFO  classes.DataBaseWorker: DB showed
INFO  classes.DataBaseWorker: DB showed
INFO  classes.DataBaseWorker: DB showed
INFO  classes.DataBaseWorker: DB showed
INFO  classes.DataBaseWorker: DB showed
INFO  classes.DataBaseWorker: DB showed
INFO  classes.DataBaseWorker: DB showed
INFO  classes.DataBaseWorker: DB showed
INFO  classes.DataBaseWorker: DB showed
INFO  classes.DataBaseWorker: DB showed
INFO  classes.DataBaseWorker: DB showed
INFO  classes.DataBaseWorker: DB showed
INFO  classes.DataBaseWorker: DB showed
INFO  classes.DataBaseWorker: DB showed
INFO  classes.DataBaseWorker: DB showed
INFO  classes.DataBaseWorker: DB showed
INFO  classes.DataBaseWorker: DB showed
INFO  classes.DataBaseWorker: DB showed
INFO  classes.DataBaseWorker: DB showed
INFO  classes.DataBaseWorker: found
INFO  classes.DataBaseWorker: DB showed
INFO  classes.DataBaseWorker: found
INFO  classes.DataBaseWorker: DB showed
INFO  classes.DataBaseWorker: DB showed
INFO  classes.DataBaseWorker: found
INFO  classes.DataBaseWorker: DB showed
INFO  classes.DataBaseWorker: DB showed
INFO  classes.DataBaseWorker: DB showed
INFO  classes.DataBaseWorker: DB showed
INFO  classes.DataBaseWorker: DB showed
INFO  classes.DataBaseWorker: DB showed
INFO  classes.DataBaseWorker: DB showed
INFO  classes.DataBaseWorker: DB showed
INFO  classes.DataBaseWorker: DB showed
INFO  classes.DataBaseWorker: DB showed
INFO  classes.DataBaseWorker: DB showed
INFO  classes.DataBaseWorker: DB showed
INFO  classes.DataBaseWorker: DB showed
INFO  classes.DataBaseWorker: DB showed
INFO  classes.DataBaseWorker: DB showed
INFO  classes.DataBaseWorker: DB showed
INFO  classes.DataBaseWorker: DB showed
INFO  classes.DataBaseWorker: DB showed
INFO  classes.DataBaseWorker: DB showed
INFO  classes.DataBaseWorker: DB showed
INFO  classes.DataBaseWorker: DB showed
INFO  classes.DataBaseWorker: DB showed
ERROR classes.DataBaseWorker: Error while deleting
INFO  classes.DataBaseWorker: Deleted
ERROR classes.DataBaseWorker: Error while deleting
INFO  classes.DataBaseWorker: Deleted
INFO  classes.DataBaseWorker: DB showed
INFO  classes.DataBaseWorker: DB showed
INFO  classes.DataBaseWorker: DB showed
ERROR classes.DataBaseWorker: Error while deleting
INFO  classes.DataBaseWorker: Deleted
ERROR classes.DataBaseWorker: Error while deleting
INFO  classes.DataBaseWorker: Deleted
INFO  classes.DataBaseWorker: DB showed
ERROR classes.DataBaseWorker: Error while deleting
INFO  classes.DataBaseWorker: Deleted
INFO  classes.DataBaseWorker: DB showed
INFO  classes.DataBaseWorker: DB showed
INFO  classes.DataBaseWorker: DB showed
ERROR classes.DataBaseWorker: Error while deleting
INFO  classes.DataBaseWorker: Deleted
INFO  classes.DataBaseWorker: DB showed
INFO  classes.DataBaseWorker: DB showed
ERROR classes.DataBaseWorker: Error while deleting
INFO  classes.DataBaseWorker: Deleted
INFO  classes.DataBaseWorker: DB showed
INFO  classes.DataBaseWorker: DB showed
INFO  classes.DataBaseWorker: Deleted
INFO  classes.DataBaseWorker: DB showed
INFO  classes.DataBaseWorker: Deleted
INFO  classes.DataBaseWorker: DB showed
INFO  classes.DataBaseWorker: DB showed
INFO  classes.DataBaseWorker: DB showed
INFO  classes.DataBaseWorker: DB showed
INFO  classes.DataBaseWorker: DB showed
INFO  classes.DataBaseWorker: DB showed
INFO  classes.DataBaseWorker: DB showed
INFO  classes.DataBaseWorker: add one elem
INFO  classes.DataBaseWorker: DB showed
INFO  classes.DataBaseWorker: add one elem
INFO  classes.DataBaseWorker: add one elem
INFO  classes.DataBaseWorker: DB showed
INFO  classes.DataBaseWorker: DB showed
INFO  classes.DataBaseWorker: DB showed
INFO  classes.DataBaseWorker: Deleted
INFO  classes.DataBaseWorker: Deleted
INFO  classes.DataBaseWorker: Deleted
INFO  classes.DataBaseWorker: DB showed
INFO  classes.DataBaseWorker: add one elem
INFO  classes.DataBaseWorker: DB showed
INFO  classes.DataBaseWorker: DB showed
INFO  classes.DataBaseWorker: add one elem
INFO  classes.DataBaseWorker: DB showed
INFO  classes.DataBaseWorker: Deleted
INFO  classes.DataBaseWorker: Deleted
INFO  classes.DataBaseWorker: DB showed
INFO  classes.DataBaseWorker: DB showed
INFO  classes.DataBaseWorker: DB showed
INFO  classes.DataBaseWorker: DB showed
INFO  classes.DataBaseWorker: add one elem
INFO  classes.DataBaseWorker: add one elem
INFO  classes.DataBaseWorker: DB showed
INFO  classes.DataBaseWorker: found some ids
INFO  classes.DataBaseWorker: DB showed
INFO  classes.DataBaseWorker: found some ids
INFO  classes.DataBaseWorker: DB showed
INFO  classes.DataBaseWorker: found some ids
INFO  classes.DataBaseWorker: found some ids
INFO  classes.DataBaseWorker: found some ids
INFO  classes.DataBaseWorker: found some ids
INFO  classes.DataBaseWorker: DB showed
INFO  classes.DataBaseWorker: DB showed
INFO  classes.DataBaseWorker: found some ids
INFO  classes.DataBaseWorker: Deleted
INFO  classes.DataBaseWorker: Deleted
INFO  classes.DataBaseWorker: DB showed
INFO  classes.DataBaseWorker: DB showed
ERROR classes.DataBaseWorker: Error while finding by ids
INFO  classes.DataBaseWorker: found some ids
INFO  classes.DataBaseWorker: DB showed
INFO  classes.DataBaseWorker: DB showed
INFO  classes.DataBaseWorker: DB showed
INFO  classes.DataBaseWorker: DB showed
INFO  classes.DataBaseWorker: found some ids
INFO  classes.DataBaseWorker: DB showed
INFO  classes.DataBaseWorker: DB showed
INFO  classes.DataBaseWorker: add one elem
INFO  classes.DataBaseWorker: add one elem
INFO  classes.DataBaseWorker: DB showed
INFO  classes.DataBaseWorker: add one elem
INFO  classes.DataBaseWorker: DB showed
INFO  classes.DataBaseWorker: add one elem
INFO  classes.DataBaseWorker: DB showed
INFO  classes.DataBaseWorker: DB showed
INFO  classes.DataBaseWorker: Deleted
INFO  classes.DataBaseWorker: DB showed
INFO  classes.DataBaseWorker: DB showed
INFO  classes.DataBaseWorker: add one elem
INFO  classes.DataBaseWorker: add one elem
INFO  classes.DataBaseWorker: add one elem
INFO  classes.DataBaseWorker: DB showed
INFO  classes.DataBaseWorker: DB showed
INFO  classes.DataBaseWorker: DB showed
INFO  classes.DataBaseWorker: DB showed
INFO  classes.DataBaseWorker: DB showed
INFO  classes.DataBaseWorker: found some ids
INFO  classes.DataBaseWorker: DB showed
INFO  classes.DataBaseWorker: found some ids
INFO  classes.DataBaseWorker: DB showed
INFO  classes.DataBaseWorker: DB showed
INFO  classes.DataBaseWorker: DB showed
INFO  classes.DataBaseWorker: DB showed
INFO  classes.DataBaseWorker: DB showed
INFO  classes.DataBaseWorker: DB showed
INFO  classes.DataBaseWorker: DB showed
INFO  classes.DataBaseWorker: DB showed
INFO  classes.DataBaseWorker: DB showed
INFO  classes.DataBaseWorker: DB showed
INFO  classes.DataBaseWorker: DB showed
INFO  classes.DataBaseWorker: DB showed
INFO  classes.DataBaseWorker: DB showed
INFO  classes.DataBaseWorker: found some ids
INFO  classes.DataBaseWorker: found some ids
INFO  classes.DataBaseWorker: found some ids
INFO  classes.DataBaseWorker: DB showed
INFO  classes.DataBaseWorker: found some ids
INFO  classes.DataBaseWorker: DB showed
INFO  classes.DataBaseWorker: DB showed
INFO  classes.DataBaseWorker: DB showed
INFO  classes.DataBaseWorker: DB showed
INFO  classes.DataBaseWorker: Deleted
INFO  classes.DataBaseWorker: DB showed
INFO  classes.DataBaseWorker: add one elem
INFO  classes.DataBaseWorker: add one elem
INFO  classes.DataBaseWorker: DB showed
INFO  classes.DataBaseWorker: DB showed
INFO  classes.DataBaseWorker: DB showed
INFO  classes.DataBaseWorker: DB showed
INFO  classes.DataBaseWorker: DB showed
INFO  classes.DataBaseWorker: found some ids
INFO  classes.DataBaseWorker: DB showed
INFO  classes.DataBaseWorker: found some ids
INFO  classes.DataBaseWorker: found some ids
INFO  classes.DataBaseWorker: DB showed
INFO  classes.DataBaseWorker: DB showed
INFO  classes.DataBaseWorker: DB showed
INFO  classes.DataBaseWorker: DB showed
INFO  classes.DataBaseWorker: DB showed
INFO  classes.DataBaseWorker: DB showed
INFO  classes.DataBaseWorker: DB showed
INFO  classes.DataBaseWorker: DB showed
INFO  classes.DataBaseWorker: DB showed
INFO  classes.DataBaseWorker: DB showed
INFO  classes.DataBaseWorker: DB showed
INFO  classes.DataBaseWorker: found some ids
ERROR classes.DataBaseWorker: Error while updating
INFO  classes.DataBaseWorker: Updated
INFO  classes.DataBaseWorker: DB showed
INFO  classes.DataBaseWorker: found some ids
ERROR classes.DataBaseWorker: Error while updating
INFO  classes.DataBaseWorker: Updated
INFO  classes.DataBaseWorker: DB showed
INFO  classes.DataBaseWorker: DB showed
INFO  classes.DataBaseWorker: found some ids
INFO  classes.DataBaseWorker: Updated
INFO  classes.DataBaseWorker: DB showed
INFO  classes.DataBaseWorker: DB showed
INFO  classes.DataBaseWorker: found some ids
INFO  classes.DataBaseWorker: Updated
INFO  classes.DataBaseWorker: Updated
INFO  classes.DataBaseWorker: DB showed
INFO  classes.DataBaseWorker: found some ids
INFO  classes.DataBaseWorker: Updated
INFO  classes.DataBaseWorker: Updated
INFO  classes.DataBaseWorker: DB showed
INFO  classes.DataBaseWorker: Deleted
INFO  classes.DataBaseWorker: Deleted
INFO  classes.DataBaseWorker: DB showed
INFO  classes.DataBaseWorker: DB showed
INFO  classes.DataBaseWorker: DB showed
INFO  classes.DataBaseWorker: found some ids
INFO  classes.DataBaseWorker: Updated
INFO  classes.DataBaseWorker: Updated
INFO  classes.DataBaseWorker: Updated
INFO  classes.DataBaseWorker: Updated
INFO  classes.DataBaseWorker: Updated
INFO  classes.DataBaseWorker: DB showed
INFO  classes.DataBaseWorker: found some ids
INFO  classes.DataBaseWorker: Updated
INFO  classes.DataBaseWorker: DB showed
INFO  classes.DataBaseWorker: DB showed
INFO  classes.DataBaseWorker: DB showed
INFO  classes.DataBaseWorker: add one elem
INFO  classes.DataBaseWorker: DB showed
INFO  classes.DataBaseWorker: found
INFO  classes.DataBaseWorker: found
INFO  classes.DataBaseWorker: found
INFO  classes.DataBaseWorker: DB showed
INFO  classes.DataBaseWorker: Deleted
INFO  classes.DataBaseWorker: DB showed
INFO  classes.DataBaseWorker: Deleted
INFO  classes.DataBaseWorker: Deleted
INFO  classes.DataBaseWorker: Deleted
INFO  classes.DataBaseWorker: DB showed
INFO  classes.DataBaseWorker: add one elem
INFO  classes.DataBaseWorker: DB showed
INFO  classes.DataBaseWorker: found some ids =(19,17,18)
INFO  classes.DataBaseWorker: DB showed
INFO  classes.DataBaseWorker: DB showed
INFO  classes.DataBaseWorker: add one elem
INFO  classes.DataBaseWorker: DB showed
INFO  classes.DataBaseWorker: Deleted
INFO  classes.DataBaseWorker: Deleted
INFO  classes.DataBaseWorker: Deleted
INFO  classes.DataBaseWorker: Deleted
INFO  classes.DataBaseWorker: DB showed
INFO  classes.DataBaseWorker: add one elem
INFO  classes.DataBaseWorker: add one elem
INFO  classes.DataBaseWorker: add one elem
INFO  classes.DataBaseWorker: add one elem
INFO  classes.DataBaseWorker: DB showed
INFO  classes.DataBaseWorker: found some ids =(11)
INFO  classes.DataBaseWorker: Updated
INFO  classes.DataBaseWorker: DB showed
INFO  classes.DataBaseWorker: add one elem
INFO  classes.DataBaseWorker: DB showed
INFO  classes.DataBaseWorker: found some ids =(11,12,13,14,15)
INFO  classes.DataBaseWorker: Updated
INFO  classes.DataBaseWorker: Updated
INFO  classes.DataBaseWorker: Updated
INFO  classes.DataBaseWorker: Updated
INFO  classes.DataBaseWorker: Updated
INFO  classes.DataBaseWorker: DB showed
INFO  classes.DataBaseWorker: DB showed
INFO  classes.DataBaseWorker: add one elem
INFO  classes.DataBaseWorker: DB showed
INFO  classes.DataBaseWorker: found some ids =(16)
INFO  classes.DataBaseWorker: Updated
INFO  classes.DataBaseWorker: DB showed
INFO  classes.DataBaseWorker: Deleted
INFO  classes.DataBaseWorker: Deleted
INFO  classes.DataBaseWorker: DB showed
INFO  classes.DataBaseWorker: add one elem
INFO  classes.DataBaseWorker: DB showed
INFO  classes.DataBaseWorker: DB showed
INFO  classes.DataBaseWorker: found some ids =(13)
INFO  classes.DataBaseWorker: DB showed
INFO  classes.DataBaseWorker: DB showed
INFO  classes.DataBaseWorker: DB showed
INFO  classes.DataBaseWorker: Deleted
INFO  classes.DataBaseWorker: DB showed
INFO  classes.DataBaseWorker: Deleted
INFO  classes.DataBaseWorker: DB showed
INFO  classes.DataBaseWorker: add one elem
INFO  classes.DataBaseWorker: add one elem
INFO  classes.DataBaseWorker: add one elem
INFO  classes.DataBaseWorker: DB showed
INFO  classes.DataBaseWorker: Deleted elements (11,12,13)
INFO  classes.DataBaseWorker: DB showed
INFO  classes.DataBaseWorker: DB showed
INFO  classes.DataBaseWorker: DB showed
INFO  classes.DataBaseWorker: add one elem id=11
INFO  classes.DataBaseWorker: DB showed
INFO  classes.DataBaseWorker: DB showed
INFO  classes.DataBaseWorker: DB showed
INFO  classes.DataBaseWorker: DB showed
INFO  classes.DataBaseWorker: DB showed
INFO  classes.DataBaseWorker: DB showed
INFO  classes.DataBaseWorker: DB showed
INFO  classes.DataBaseWorker: DB showed
INFO  classes.DataBaseWorker: DB showed
INFO  classes.DataBaseWorker: DB showed
INFO  classes.DataBaseWorker: DB showed
INFO  classes.DataBaseWorker: DB showed
INFO  classes.DataBaseWorker: found
INFO  classes.DataBaseWorker: DB showed
INFO  classes.DataBaseWorker: DB showed
INFO  classes.DataBaseWorker: DB showed
INFO  classes.DataBaseWorker: found some ids =(11)
INFO  classes.DataBaseWorker: DB showed
INFO  classes.DataBaseWorker: DB showed
INFO  classes.DataBaseWorker: DB showed
INFO  classes.DataBaseWorker: add one elem id=12
INFO  classes.DataBaseWorker: DB showed
INFO  classes.DataBaseWorker: DB showed
INFO  classes.DataBaseWorker: DB showed
INFO  classes.DataBaseWorker: DB showed
INFO  classes.DataBaseWorker: Deleted elements (11,12)
INFO  classes.DataBaseWorker: DB showed
INFO  classes.DataBaseWorker: add one elem id=11
INFO  classes.DataBaseWorker: DB showed
INFO  classes.DataBaseWorker: DB showed
INFO  classes.DataBaseWorker: DB showed
INFO  classes.DataBaseWorker: DB showed
INFO  classes.DataBaseWorker: found some ids =(10,11)
INFO  classes.DataBaseWorker: DB showed
INFO  classes.DataBaseWorker: DB showed
INFO  classes.DataBaseWorker: found some ids =(1)
INFO  classes.DataBaseWorker: found
INFO  classes.DataBaseWorker: DB showed
INFO  classes.DataBaseWorker: DB showed
INFO  classes.DataBaseWorker: DB showed
INFO  classes.DataBaseWorker: add one elem id=12
INFO  classes.DataBaseWorker: DB showed
INFO  classes.DataBaseWorker: DB showed
INFO  classes.DataBaseWorker: DB showed
INFO  classes.DataBaseWorker: DB showed
INFO  classes.DataBaseWorker: DB showed
INFO  classes.DataBaseWorker: DB showed
INFO  classes.DataBaseWorker: DB showed
INFO  classes.DataBaseWorker: DB showed
INFO  classes.DataBaseWorker: DB showed
INFO  classes.DataBaseWorker: DB showed
INFO  classes.DataBaseWorker: add one elem
INFO  classes.DataBaseWorker: DB showed
INFO  classes.DataBaseWorker: DB showed
INFO  classes.DataBaseWorker: add one elem
INFO  classes.DataBaseWorker: DB showed
INFO  classes.DataBaseWorker: DB showed
INFO  classes.DataBaseWorker: add one elem
INFO  classes.DataBaseWorker: add one elem
INFO  classes.DataBaseWorker: DB showed
INFO  classes.DataBaseWorker: DB showed
INFO  classes.DataBaseWorker: add one elem
INFO  classes.DataBaseWorker: DB showed
INFO  classes.DataBaseWorker: DB showed
INFO  classes.DataBaseWorker: DB showed
INFO  classes.DataBaseWorker: DB showed
INFO  classes.DataBaseWorker: DB showed
INFO  classes.DataBaseWorker: DB showed
INFO  classes.DataBaseWorker: DB showed
INFO  classes.DataBaseWorker: Deleted elements 
INFO  classes.DataBaseWorker: DB showed
INFO  classes.DataBaseWorker: DB showed
INFO  classes.DataBaseWorker: Deleted elements 
INFO  classes.DataBaseWorker: DB showed
INFO  classes.DataBaseWorker: DB showed
INFO  classes.DataBaseWorker: DB showed
INFO  classes.DataBaseWorker: found
INFO  classes.DataBaseWorker: found
INFO  classes.DataBaseWorker: DB showed
INFO  classes.DataBaseWorker: DB showed
INFO  classes.DataBaseWorker: DB showed
INFO  classes.DataBaseWorker: add one elem
INFO  classes.DataBaseWorker: DB showed
INFO  classes.DataBaseWorker: add one elem
INFO  classes.DataBaseWorker: DB showed
INFO  classes.DataBaseWorker: add one elem
INFO  classes.DataBaseWorker: DB showed
INFO  classes.DataBaseWorker: found
INFO  classes.DataBaseWorker: found
INFO  classes.DataBaseWorker: found
INFO  classes.DataBaseWorker: DB showed
INFO  classes.DataBaseWorker: found
INFO  classes.DataBaseWorker: found
INFO  classes.DataBaseWorker: found
INFO  classes.DataBaseWorker: found
INFO  classes.DataBaseWorker: found
INFO  classes.DataBaseWorker: found
INFO  classes.DataBaseWorker: found
INFO  classes.DataBaseWorker: found
INFO  classes.DataBaseWorker: found
INFO  classes.DataBaseWorker: found
INFO  classes.DataBaseWorker: found
INFO  classes.DataBaseWorker: found
INFO  classes.DataBaseWorker: DB showed
INFO  classes.DataBaseWorker: found
INFO  classes.DataBaseWorker: found
INFO  classes.DataBaseWorker: found
INFO  classes.DataBaseWorker: found
INFO  classes.DataBaseWorker: DB showed
INFO  classes.DataBaseWorker: Deleted elements 
INFO  classes.DataBaseWorker: DB showed
INFO  classes.DataBaseWorker: DB showed
INFO  classes.DataBaseWorker: DB showed
INFO  classes.DataBaseWorker: found
INFO  classes.DataBaseWorker: found
INFO  classes.DataBaseWorker: found
INFO  classes.DataBaseWorker: found
INFO  classes.DataBaseWorker: found
INFO  classes.DataBaseWorker: DB showed
INFO  classes.DataBaseWorker: DB showed
INFO  classes.DataBaseWorker: found
INFO  classes.DataBaseWorker: found
INFO  classes.DataBaseWorker: DB showed
INFO  classes.DataBaseWorker: add one elem
INFO  classes.DataBaseWorker: DB showed
INFO  classes.DataBaseWorker: DB showed
INFO  classes.DataBaseWorker: DB showed
INFO  classes.DataBaseWorker: DB showed
INFO  classes.DataBaseWorker: found
INFO  classes.DataBaseWorker: found
INFO  classes.DataBaseWorker: found
INFO  classes.DataBaseWorker: DB showed
INFO  classes.DataBaseWorker: found
INFO  classes.DataBaseWorker: found
INFO  classes.DataBaseWorker: found
INFO  classes.DataBaseWorker: found
INFO  classes.DataBaseWorker: found
INFO  classes.DataBaseWorker: found
INFO  classes.DataBaseWorker: DB showed
INFO  classes.DataBaseWorker: DB showed
INFO  classes.DataBaseWorker: DB showed
INFO  classes.DataBaseWorker: DB showed
INFO  classes.DataBaseWorker: DB showed
INFO  classes.DataBaseWorker: DB showed
INFO  classes.DataBaseWorker: DB showed
INFO  classes.DataBaseWorker: DB showed
INFO  classes.DataBaseWorker: DB showed
INFO  classes.DataBaseWorker: DB showed
INFO  classes.DataBaseWorker: DB showed
INFO  classes.DataBaseWorker: DB showed
INFO  classes.DataBaseWorker: DB showed
INFO  classes.DataBaseWorker: DB showed
INFO  classes.DataBaseWorker: DB showed
INFO  classes.DataBaseWorker: DB showed
INFO  classes.DataBaseWorker: DB showed
INFO  classes.DataBaseWorker: DB showed
INFO  classes.DataBaseWorker: DB showed
INFO  classes.DataBaseWorker: DB showed
INFO  classes.DataBaseWorker: DB showed
INFO  classes.DataBaseWorker: DB showed
INFO  classes.DataBaseWorker: DB showed
INFO  classes.DataBaseWorker: DB showed
INFO  classes.DataBaseWorker: DB showed
INFO  classes.DataBaseWorker: DB showed
INFO  classes.DataBaseWorker: DB showed
INFO  classes.DataBaseWorker: DB showed
INFO  classes.DataBaseWorker: DB showed
INFO  classes.DataBaseWorker: DB showed
INFO  classes.DataBaseWorker: DB showed
INFO  classes.DataBaseWorker: DB showed
INFO  classes.DataBaseWorker: DB showed
INFO  classes.DataBaseWorker: DB showed
INFO  classes.DataBaseWorker: DB showed
INFO  classes.DataBaseWorker: DB showed
INFO  classes.DataBaseWorker: DB showed
INFO  classes.DataBaseWorker: DB showed
INFO  classes.DataBaseWorker: DB showed
INFO  classes.DataBaseWorker: DB showed
INFO  classes.DataBaseWorker: DB showed
INFO  classes.DataBaseWorker: DB showed
INFO  classes.DataBaseWorker: DB showed
INFO  classes.DataBaseWorker: DB showed
INFO  classes.DataBaseWorker: DB showed
INFO  classes.DataBaseWorker: DB showed
INFO  classes.DataBaseWorker: DB showed
INFO  classes.DataBaseWorker: DB showed
INFO  classes.DataBaseWorker: DB showed
INFO  classes.DataBaseWorker: DB showed
INFO  classes.DataBaseWorker: DB showed
INFO  classes.DataBaseWorker: DB showed
INFO  classes.DataBaseWorker: DB showed
INFO  classes.DataBaseWorker: DB showed
INFO  classes.DataBaseWorker: DB showed
INFO  classes.DataBaseWorker: DB showed
INFO  classes.DataBaseWorker: DB showed
INFO  classes.DataBaseWorker: DB showed
INFO  classes.DataBaseWorker: DB showed
INFO  classes.DataBaseWorker: DB showed
INFO  classes.DataBaseWorker: DB showed
INFO  classes.DataBaseWorker: DB showed
INFO  classes.DataBaseWorker: DB showed
INFO  classes.DataBaseWorker: DB showed
INFO  classes.DataBaseWorker: DB showed
INFO  classes.DataBaseWorker: DB showed
INFO  classes.DataBaseWorker: DB showed
INFO  classes.DataBaseWorker: DB showed
INFO  classes.DataBaseWorker: DB showed
INFO  classes.DataBaseWorker: DB showed
INFO  classes.DataBaseWorker: DB showed
INFO  classes.DataBaseWorker: DB showed
INFO  classes.DataBaseWorker: DB showed
INFO  classes.DataBaseWorker: DB showed
INFO  classes.DataBaseWorker: DB showed
INFO  classes.DataBaseWorker: DB showed
INFO  classes.DataBaseWorker: DB showed
INFO  classes.DataBaseWorker: DB showed
INFO  classes.DataBaseWorker: DB showed
INFO  classes.DataBaseWorker: DB showed
INFO  classes.DataBaseWorker: DB showed
INFO  classes.DataBaseWorker: DB showed
INFO  classes.DataBaseWorker: DB showed
INFO  classes.DataBaseWorker: DB showed
INFO  classes.DataBaseWorker: DB showed
INFO  classes.DataBaseWorker: DB showed
INFO  classes.DataBaseWorker: DB showed
INFO  classes.DataBaseWorker: DB showed
INFO  classes.DataBaseWorker: DB showed
INFO  classes.DataBaseWorker: DB showed
INFO  classes.DataBaseWorker: DB showed
INFO  classes.DataBaseWorker: DB showed
INFO  classes.DataBaseWorker: DB showed
INFO  classes.DataBaseWorker: DB showed
INFO  classes.DataBaseWorker: DB showed
INFO  classes.DataBaseWorker: DB showed
INFO  classes.DataBaseWorker: DB showed
INFO  classes.DataBaseWorker: DB showed
INFO  classes.DataBaseWorker: DB showed
INFO  classes.DataBaseWorker: DB showed
INFO  classes.DataBaseWorker: DB showed
INFO  classes.DataBaseWorker: DB showed
INFO  classes.DataBaseWorker: DB showed
INFO  classes.DataBaseWorker: DB showed
INFO  classes.DataBaseWorker: DB showed
INFO  classes.DataBaseWorker: DB showed
INFO  classes.DataBaseWorker: DB showed
INFO  classes.DataBaseWorker: DB showed
INFO  classes.DataBaseWorker: DB showed
INFO  classes.DataBaseWorker: DB showed
INFO  classes.DataBaseWorker: DB showed
INFO  classes.DataBaseWorker: DB showed
INFO  classes.DataBaseWorker: DB showed
INFO  classes.DataBaseWorker: DB showed
INFO  classes.DataBaseWorker: DB showed
INFO  classes.DataBaseWorker: DB showed
INFO  classes.DataBaseWorker: DB showed
INFO  classes.DataBaseWorker: DB showed
INFO  classes.DataBaseWorker: DB showed
INFO  classes.DataBaseWorker: DB showed
INFO  classes.DataBaseWorker: DB showed
INFO  classes.DataBaseWorker: DB showed
INFO  classes.DataBaseWorker: DB showed
INFO  classes.DataBaseWorker: DB showed
INFO  classes.DataBaseWorker: DB showed
INFO  classes.DataBaseWorker: DB showed
INFO  classes.DataBaseWorker: DB showed
INFO  classes.DataBaseWorker: DB showed
INFO  classes.DataBaseWorker: DB showed
INFO  classes.DataBaseWorker: DB showed
INFO  classes.DataBaseWorker: DB showed
INFO  classes.DataBaseWorker: DB showed
INFO  classes.DataBaseWorker: DB showed
INFO  classes.DataBaseWorker: DB showed
INFO  classes.DataBaseWorker: DB showed
INFO  classes.DataBaseWorker: DB showed
INFO  classes.DataBaseWorker: DB showed
INFO  classes.DataBaseWorker: DB showed
INFO  classes.DataBaseWorker: DB showed
INFO  classes.DataBaseWorker: DB showed
INFO  classes.DataBaseWorker: DB showed
INFO  classes.DataBaseWorker: DB showed
INFO  classes.DataBaseWorker: DB showed
INFO  classes.DataBaseWorker: DB showed
INFO  classes.DataBaseWorker: DB showed
INFO  classes.DataBaseWorker: DB showed
INFO  classes.DataBaseWorker: DB showed
INFO  classes.DataBaseWorker: DB showed
INFO  classes.DataBaseWorker: DB showed
INFO  classes.DataBaseWorker: DB showed
INFO  classes.DataBaseWorker: DB showed
INFO  classes.DataBaseWorker: DB showed
INFO  classes.DataBaseWorker: DB showed
INFO  classes.DataBaseWorker: DB showed
INFO  classes.DataBaseWorker: DB showed
INFO  classes.DataBaseWorker: DB showed
INFO  classes.DataBaseWorker: DB showed
INFO  classes.DataBaseWorker: DB showed
INFO  classes.DataBaseWorker: DB showed
INFO  classes.DataBaseWorker: DB showed
INFO  classes.DataBaseWorker: DB showed
INFO  classes.DataBaseWorker: DB showed
INFO  classes.DataBaseWorker: DB showed
INFO  classes.DataBaseWorker: DB showed
INFO  classes.DataBaseWorker: DB showed
INFO  classes.DataBaseWorker: DB showed
INFO  classes.DataBaseWorker: DB showed
INFO  classes.DataBaseWorker: DB showed
INFO  classes.DataBaseWorker: DB showed
INFO  classes.DataBaseWorker: DB showed
INFO  classes.DataBaseWorker: DB showed
INFO  classes.DataBaseWorker: DB showed
INFO  classes.DataBaseWorker: DB showed
INFO  classes.DataBaseWorker: DB showed
INFO  classes.DataBaseWorker: DB showed
INFO  classes.DataBaseWorker: DB showed
INFO  classes.DataBaseWorker: DB showed
INFO  classes.DataBaseWorker: DB showed
INFO  classes.DataBaseWorker: DB showed
INFO  classes.DataBaseWorker: DB showed
INFO  classes.DataBaseWorker: DB showed
INFO  classes.DataBaseWorker: DB showed
INFO  classes.DataBaseWorker: DB showed
INFO  classes.DataBaseWorker: DB showed
INFO  classes.DataBaseWorker: DB showed
INFO  classes.DataBaseWorker: DB showed
INFO  classes.DataBaseWorker: DB showed
INFO  classes.DataBaseWorker: DB showed
INFO  classes.DataBaseWorker: DB showed
INFO  classes.DataBaseWorker: DB showed
INFO  classes.DataBaseWorker: DB showed
INFO  classes.DataBaseWorker: DB showed
INFO  classes.DataBaseWorker: DB showed
INFO  classes.DataBaseWorker: DB showed
INFO  classes.DataBaseWorker: DB showed
INFO  classes.DataBaseWorker: DB showed
INFO  classes.DataBaseWorker: DB showed
INFO  classes.DataBaseWorker: DB showed
INFO  classes.DataBaseWorker: DB showed
INFO  classes.DataBaseWorker: DB showed
INFO  classes.DataBaseWorker: DB showed
INFO  classes.DataBaseWorker: DB showed
INFO  classes.DataBaseWorker: DB showed
INFO  classes.DataBaseWorker: DB showed
INFO  classes.DataBaseWorker: DB showed
INFO  classes.DataBaseWorker: DB showed
INFO  classes.DataBaseWorker: DB showed
INFO  classes.DataBaseWorker: DB showed
INFO  classes.DataBaseWorker: DB showed
INFO  classes.DataBaseWorker: DB showed
INFO  classes.DataBaseWorker: DB showed
INFO  classes.DataBaseWorker: DB showed
INFO  classes.DataBaseWorker: DB showed
INFO  classes.DataBaseWorker: DB showed
INFO  classes.DataBaseWorker: DB showed
INFO  classes.DataBaseWorker: DB showed
INFO  classes.DataBaseWorker: DB showed
INFO  classes.DataBaseWorker: DB showed
INFO  classes.DataBaseWorker: DB showed
INFO  classes.DataBaseWorker: DB showed
INFO  classes.DataBaseWorker: DB showed
INFO  classes.DataBaseWorker: DB showed
INFO  classes.DataBaseWorker: DB showed
INFO  classes.DataBaseWorker: DB showed
INFO  classes.DataBaseWorker: DB showed
INFO  classes.DataBaseWorker: DB showed
INFO  classes.DataBaseWorker: DB showed
INFO  classes.DataBaseWorker: DB showed
INFO  classes.DataBaseWorker: DB showed
INFO  classes.DataBaseWorker: DB showed
INFO  classes.DataBaseWorker: DB showed
INFO  classes.DataBaseWorker: DB showed
INFO  classes.DataBaseWorker: DB showed
INFO  classes.DataBaseWorker: DB showed
INFO  classes.DataBaseWorker: DB showed
INFO  classes.DataBaseWorker: DB showed
INFO  classes.DataBaseWorker: DB showed
INFO  classes.DataBaseWorker: DB showed
INFO  classes.DataBaseWorker: DB showed
INFO  classes.DataBaseWorker: DB showed
INFO  classes.DataBaseWorker: DB showed
INFO  classes.DataBaseWorker: DB showed
INFO  classes.DataBaseWorker: DB showed
INFO  classes.DataBaseWorker: DB showed
INFO  classes.DataBaseWorker: DB showed
INFO  classes.DataBaseWorker: DB showed
INFO  classes.DataBaseWorker: DB showed
INFO  classes.DataBaseWorker: DB showed
INFO  classes.DataBaseWorker: DB showed
INFO  classes.DataBaseWorker: DB showed
INFO  classes.DataBaseWorker: DB showed
INFO  classes.DataBaseWorker: DB showed
INFO  classes.DataBaseWorker: DB showed
INFO  classes.DataBaseWorker: DB showed
INFO  classes.DataBaseWorker: DB showed
INFO  classes.DataBaseWorker: DB showed
INFO  classes.DataBaseWorker: DB showed
INFO  classes.DataBaseWorker: DB showed
INFO  classes.DataBaseWorker: DB showed
INFO  classes.DataBaseWorker: DB showed
INFO  classes.DataBaseWorker: DB showed
INFO  classes.DataBaseWorker: DB showed
INFO  classes.DataBaseWorker: DB showed
INFO  classes.DataBaseWorker: DB showed
INFO  classes.DataBaseWorker: DB showed
INFO  classes.DataBaseWorker: DB showed
INFO  classes.DataBaseWorker: DB showed
INFO  classes.DataBaseWorker: DB showed
INFO  classes.DataBaseWorker: DB showed
INFO  classes.DataBaseWorker: DB showed
INFO  classes.DataBaseWorker: DB showed
INFO  classes.DataBaseWorker: DB showed
INFO  classes.DataBaseWorker: DB showed
INFO  classes.DataBaseWorker: DB showed
INFO  classes.DataBaseWorker: DB showed
INFO  classes.DataBaseWorker: DB showed
INFO  classes.DataBaseWorker: DB showed
INFO  classes.DataBaseWorker: DB showed
INFO  classes.DataBaseWorker: DB showed
INFO  classes.DataBaseWorker: DB showed
INFO  classes.DataBaseWorker: DB showed
INFO  classes.DataBaseWorker: DB showed
INFO  classes.DataBaseWorker: DB showed
INFO  classes.DataBaseWorker: DB showed
INFO  classes.DataBaseWorker: DB showed
INFO  classes.DataBaseWorker: DB showed
INFO  classes.DataBaseWorker: DB showed
INFO  classes.DataBaseWorker: DB showed
INFO  classes.DataBaseWorker: DB showed
INFO  classes.DataBaseWorker: DB showed
INFO  classes.DataBaseWorker: DB showed
INFO  classes.DataBaseWorker: DB showed
INFO  classes.DataBaseWorker: DB showed
INFO  classes.DataBaseWorker: DB showed
INFO  classes.DataBaseWorker: DB showed
INFO  classes.DataBaseWorker: DB showed
INFO  classes.DataBaseWorker: DB showed
INFO  classes.DataBaseWorker: DB showed
INFO  classes.DataBaseWorker: DB showed
INFO  classes.DataBaseWorker: DB showed
INFO  classes.DataBaseWorker: DB showed
INFO  classes.DataBaseWorker: DB showed
INFO  classes.DataBaseWorker: DB showed
INFO  classes.DataBaseWorker: DB showed
INFO  classes.DataBaseWorker: DB showed
INFO  classes.DataBaseWorker: DB showed
INFO  classes.DataBaseWorker: DB showed
INFO  classes.DataBaseWorker: DB showed
INFO  classes.DataBaseWorker: DB showed
INFO  classes.DataBaseWorker: DB showed
INFO  classes.DataBaseWorker: DB showed
INFO  classes.DataBaseWorker: DB showed
INFO  classes.DataBaseWorker: DB showed
INFO  classes.DataBaseWorker: DB showed
INFO  classes.DataBaseWorker: DB showed
INFO  classes.DataBaseWorker: DB showed
INFO  classes.DataBaseWorker: DB showed
INFO  classes.DataBaseWorker: DB showed
INFO  classes.DataBaseWorker: DB showed
INFO  classes.DataBaseWorker: DB showed
INFO  classes.DataBaseWorker: DB showed
INFO  classes.DataBaseWorker: DB showed
INFO  classes.DataBaseWorker: DB showed
INFO  classes.DataBaseWorker: DB showed
INFO  classes.DataBaseWorker: DB showed
INFO  classes.DataBaseWorker: DB showed
INFO  classes.DataBaseWorker: DB showed
INFO  classes.DataBaseWorker: DB showed
INFO  classes.DataBaseWorker: DB showed
INFO  classes.DataBaseWorker: DB showed
INFO  classes.DataBaseWorker: DB showed
INFO  classes.DataBaseWorker: DB showed
INFO  classes.DataBaseWorker: DB showed
INFO  classes.DataBaseWorker: DB showed
INFO  classes.DataBaseWorker: DB showed
INFO  classes.DataBaseWorker: DB showed
INFO  classes.DataBaseWorker: DB showed
INFO  classes.DataBaseWorker: DB showed
INFO  classes.DataBaseWorker: DB showed
INFO  classes.DataBaseWorker: DB showed
INFO  classes.DataBaseWorker: DB showed
INFO  classes.DataBaseWorker: DB showed
INFO  classes.DataBaseWorker: DB showed
INFO  classes.DataBaseWorker: DB showed
INFO  classes.DataBaseWorker: DB showed
INFO  classes.DataBaseWorker: DB showed
INFO  classes.DataBaseWorker: DB showed
INFO  classes.DataBaseWorker: DB showed
INFO  classes.DataBaseWorker: DB showed
INFO  classes.DataBaseWorker: DB showed
INFO  classes.DataBaseWorker: DB showed
INFO  classes.DataBaseWorker: DB showed
INFO  classes.DataBaseWorker: DB showed
INFO  classes.DataBaseWorker: found
INFO  classes.DataBaseWorker: DB showed
INFO  classes.DataBaseWorker: found
INFO  classes.DataBaseWorker: found
INFO  classes.DataBaseWorker: found
INFO  classes.DataBaseWorker: found
INFO  classes.DataBaseWorker: found
INFO  classes.DataBaseWorker: found
INFO  classes.DataBaseWorker: found
INFO  classes.DataBaseWorker: found
INFO  classes.DataBaseWorker: found
INFO  classes.DataBaseWorker: found
INFO  classes.DataBaseWorker: found
INFO  classes.DataBaseWorker: DB showed
INFO  classes.DataBaseWorker: DB showed
INFO  classes.DataBaseWorker: DB showed
INFO  classes.DataBaseWorker: DB showed
INFO  classes.DataBaseWorker: DB showed
INFO  classes.DataBaseWorker: DB showed
INFO  classes.DataBaseWorker: DB showed
INFO  classes.DataBaseWorker: DB showed
INFO  classes.DataBaseWorker: DB showed
INFO  classes.DataBaseWorker: DB showed
INFO  classes.DataBaseWorker: DB showed
INFO  classes.DataBaseWorker: DB showed
INFO  classes.DataBaseWorker: DB showed
INFO  classes.DataBaseWorker: found
INFO  classes.DataBaseWorker: found
INFO  classes.DataBaseWorker: found
INFO  classes.DataBaseWorker: found
INFO  classes.DataBaseWorker: found
INFO  classes.DataBaseWorker: found
INFO  classes.DataBaseWorker: DB showed
INFO  classes.DataBaseWorker: found
INFO  classes.DataBaseWorker: DB showed
INFO  classes.DataBaseWorker: DB showed
INFO  classes.DataBaseWorker: DB showed
INFO  classes.DataBaseWorker: DB showed
INFO  classes.DataBaseWorker: DB showed
INFO  classes.DataBaseWorker: DB showed
INFO  classes.DataBaseWorker: found
INFO  classes.DataBaseWorker: found
INFO  classes.DataBaseWorker: found
